#
# A fatal error has been detected by the Java Runtime Environment:
#
#  EXCEPTION_ACCESS_VIOLATION (0xc0000005) at pc=0x0000000180008790, pid=1108, tid=0x0000000000001854
#
# JRE version: Java(TM) SE Runtime Environment (8.0_111-b14) (build 1.8.0_111-b14)
# Java VM: Java HotSpot(TM) 64-Bit Server VM (25.111-b14 mixed mode windows-amd64 compressed oops)
# Problematic frame:
# C  [rxtxSerial.dll+0x8790]
#
# Failed to write core dump. Minidumps are not enabled by default on client versions of Windows
#
# If you would like to submit a bug report, please visit:
#   http://bugreport.java.com/bugreport/crash.jsp
# The crash happened outside the Java Virtual Machine in native code.
# See problematic frame for where to report the bug.
#

---------------  T H R E A D  ---------------

Current thread (0x00000000173d1000):  JavaThread "Thread-7" [_thread_in_native, id=6228, stack(0x0000000019c90000,0x0000000019d90000)]

siginfo: ExceptionCode=0xc0000005, reading address 0x00000000000000f8

Registers:
RAX=0x0000000000000002, RBX=0x0000000019586ae0, RCX=0x0000000000000001, RDX=0x0000000000000000
RSP=0x0000000019d8e300, RBP=0x0000000019d8e578, RSI=0x00000000173c9799, RDI=0x0000000000000000
R8 =0x0000000000000000, R9 =0x0000000000000000, R10=0x00007ff929bd57d0, R11=0x0000000000000002
R12=0x0000000019d8e580, R13=0x0000000018f75150, R14=0x0000000019d8e580, R15=0x00000000173d1000
RIP=0x0000000180008790, EFLAGS=0x0000000000010202

Top of Stack: (sp=0x0000000019d8e300)
0x0000000019d8e300:   0000000019586ae0 00000000173c9790
0x0000000019d8e310:   00000000173d1000 0000000000000009
0x0000000019d8e320:   00000000173c9790 000000018000aab4
0x0000000019d8e330:   00000000173d11f8 0000000000000106
0x0000000019d8e340:   0000000018f75150 0000000019d8e580
0x0000000019d8e350:   00000000173c5950 00000000173c9790
0x0000000019d8e360:   0000000019d8e578 000000018000b7fe
0x0000000019d8e370:   0000000000000008 0000000018f75150
0x0000000019d8e380:   00000000173d11f8 0000000000000000
0x0000000019d8e390:   00000000173d1000 0000000000000000
0x0000000019d8e3a0:   000049480c742ef7 000000007fffffdc
0x0000000019d8e3b0:   0000000019d8e440 0000000000000042
0x0000000019d8e3c0:   00000000173d11f8 0000000000000000
0x0000000019d8e3d0:   00000000173c9790 000000018000213d
0x0000000019d8e3e0:   0000000019d8e578 000000018001c0b0
0x0000000019d8e3f0:   0000000000000000 0000000180000000 

Instructions: (pc=0x0000000180008790)
0x0000000180008770:   89 83 00 01 00 00 48 89 1d 73 6f 01 00 48 8b c3
0x0000000180008780:   48 8b 5c 24 30 48 8b 74 24 38 48 83 c4 20 5f c3
0x0000000180008790:   39 87 f8 00 00 00 7d 20 0f 1f 84 00 00 00 00 00
0x00000001800087a0:   48 8b 87 00 01 00 00 48 85 c0 74 0c 44 39 98 f8 


Register to memory mapping:

RAX=0x0000000000000002 is an unknown value
RBX=0x0000000019586ae0 is an unknown value
RCX=0x0000000000000001 is an unknown value
RDX=0x0000000000000000 is an unknown value
RSP=0x0000000019d8e300 is pointing into the stack for thread: 0x00000000173d1000
RBP=0x0000000019d8e578 is pointing into the stack for thread: 0x00000000173d1000
RSI=0x00000000173c9799 is an unknown value
RDI=0x0000000000000000 is an unknown value
R8 =0x0000000000000000 is an unknown value
R9 =0x0000000000000000 is an unknown value
R10=0x00007ff929bd57d0 is an unknown value
R11=0x0000000000000002 is an unknown value
R12=0x0000000019d8e580 is pointing into the stack for thread: 0x00000000173d1000
R13=0x0000000018f75150 is pointing into metadata
R14=0x0000000019d8e580 is pointing into the stack for thread: 0x00000000173d1000
R15=0x00000000173d1000 is a thread


Stack: [0x0000000019c90000,0x0000000019d90000],  sp=0x0000000019d8e300,  free space=1016k
Native frames: (J=compiled Java code, j=interpreted, Vv=VM code, C=native code)
C  [rxtxSerial.dll+0x8790]
C  [rxtxSerial.dll+0xaab4]
C  [rxtxSerial.dll+0x213d]
C  0x0000000002f48a77

Java frames: (J=compiled Java code, j=interpreted, Vv=VM code)
j  gnu.io.RXTXPort.open(Ljava/lang/String;)I+0
j  gnu.io.RXTXPort.<init>(Ljava/lang/String;)V+125
j  gnu.io.RXTXCommDriver.getCommPort(Ljava/lang/String;I)Lgnu/io/CommPort;+78
j  gnu.io.CommPortIdentifier.open(Ljava/lang/String;I)Lgnu/io/CommPort;+171
v  ~StubRoutines::call_stub
j  sun.reflect.NativeMethodAccessorImpl.invoke0(Ljava/lang/reflect/Method;Ljava/lang/Object;[Ljava/lang/Object;)Ljava/lang/Object;+0
j  sun.reflect.NativeMethodAccessorImpl.invoke(Ljava/lang/Object;[Ljava/lang/Object;)Ljava/lang/Object;+100
j  sun.reflect.DelegatingMethodAccessorImpl.invoke(Ljava/lang/Object;[Ljava/lang/Object;)Ljava/lang/Object;+6
j  java.lang.reflect.Method.invoke(Ljava/lang/Object;[Ljava/lang/Object;)Ljava/lang/Object;+56
j  org.smslib.helper.CommPortIdentifier.open(Ljava/lang/String;I)Lorg/smslib/helper/SerialPort;+53
j  org.smslib.modem.SerialModemDriver.connectPort()V+129
j  org.smslib.modem.AModemDriver.connect()V+8
j  org.smslib.modem.ModemGateway.startGateway()V+45
j  org.smslib.Service$1Starter.run()V+4
v  ~StubRoutines::call_stub

---------------  P R O C E S S  ---------------

Java Threads: ( => current thread )
  0x000000001790f000 JavaThread "SMSLib-AsyncMessageProcessor : COM4modem" daemon [_thread_blocked, id=7464, stack(0x000000001a390000,0x000000001a490000)]
  0x0000000017911800 JavaThread "SMSLib-AsyncNotifier : COM4modem" daemon [_thread_blocked, id=7560, stack(0x000000001a290000,0x000000001a390000)]
  0x000000001790c000 JavaThread "SMSlib-ModemReader-COM4modem" daemon [_thread_blocked, id=7524, stack(0x000000001a190000,0x000000001a290000)]
  0x000000001790d000 JavaThread "CNMIEmulatorProcessor [COM4modem]" [_thread_blocked, id=7472, stack(0x000000001a090000,0x000000001a190000)]
  0x000000001790e800 JavaThread "KeepAlive [COM4modem]" [_thread_blocked, id=7972, stack(0x0000000019f90000,0x000000001a090000)]
  0x000000001790d800 JavaThread "Thread-9" [_thread_in_native, id=7584, stack(0x0000000019e90000,0x0000000019f90000)]
  0x00000000173c6800 JavaThread "Thread-8" [_thread_blocked, id=7348, stack(0x0000000019d90000,0x0000000019e90000)]
=>0x00000000173d1000 JavaThread "Thread-7" [_thread_in_native, id=6228, stack(0x0000000019c90000,0x0000000019d90000)]
  0x00000000173d0800 JavaThread "WatchDog" [_thread_blocked, id=6692, stack(0x0000000019b90000,0x0000000019c90000)]
  0x00000000173cf800 JavaThread "DelayQueueManager" [_thread_blocked, id=6200, stack(0x0000000019a90000,0x0000000019b90000)]
  0x00000000173ce800 JavaThread "NotifyQueueManager" [_thread_blocked, id=7288, stack(0x0000000019990000,0x0000000019a90000)]
  0x00000000174b2000 JavaThread "AWT-EventQueue-0" [_thread_blocked, id=6256, stack(0x0000000018d00000,0x0000000018e00000)]
  0x000000001741d800 JavaThread "Image Fetcher 3" daemon [_thread_blocked, id=8020, stack(0x0000000018720000,0x0000000018820000)]
  0x00000000173d7000 JavaThread "Image Fetcher 2" daemon [_thread_blocked, id=7392, stack(0x0000000018620000,0x0000000018720000)]
  0x000000001715c000 JavaThread "AWT-Windows" daemon [_thread_in_native, id=6540, stack(0x0000000017d70000,0x0000000017e70000)]
  0x0000000017159000 JavaThread "AWT-Shutdown" [_thread_blocked, id=6776, stack(0x0000000017c70000,0x0000000017d70000)]
  0x0000000017158800 JavaThread "Java2D Disposer" daemon [_thread_blocked, id=5848, stack(0x0000000017b70000,0x0000000017c70000)]
  0x0000000016d98800 JavaThread "Service Thread" daemon [_thread_blocked, id=1320, stack(0x0000000017170000,0x0000000017270000)]
  0x0000000015436000 JavaThread "C1 CompilerThread2" daemon [_thread_blocked, id=7308, stack(0x0000000016c70000,0x0000000016d70000)]
  0x000000001542f800 JavaThread "C2 CompilerThread1" daemon [_thread_blocked, id=7248, stack(0x0000000016b70000,0x0000000016c70000)]
  0x000000001542c800 JavaThread "C2 CompilerThread0" daemon [_thread_blocked, id=5432, stack(0x0000000016a70000,0x0000000016b70000)]
  0x000000001542a800 JavaThread "Attach Listener" daemon [_thread_blocked, id=5868, stack(0x0000000016970000,0x0000000016a70000)]
  0x0000000015429000 JavaThread "Signal Dispatcher" daemon [_thread_blocked, id=7780, stack(0x0000000016870000,0x0000000016970000)]
  0x000000001541a800 JavaThread "Finalizer" daemon [_thread_blocked, id=6900, stack(0x0000000016690000,0x0000000016790000)]
  0x0000000002f1f000 JavaThread "Reference Handler" daemon [_thread_blocked, id=7804, stack(0x0000000016590000,0x0000000016690000)]
  0x0000000002e30800 JavaThread "main" [_thread_blocked, id=7772, stack(0x0000000002cb0000,0x0000000002db0000)]

Other Threads:
  0x00000000153f7800 VMThread [stack: 0x0000000016490000,0x0000000016590000] [id=7776]
  0x0000000016dad000 WatcherThread [stack: 0x0000000017270000,0x0000000017370000] [id=3404]

VM state:not at safepoint (normal execution)

VM Mutex/Monitor currently owned by a thread: None

Heap:
 PSYoungGen      total 18432K, used 12930K [0x00000000ebb80000, 0x00000000ed000000, 0x0000000100000000)
  eden space 15872K, 65% used [0x00000000ebb80000,0x00000000ec5a2ce0,0x00000000ecb00000)
  from space 2560K, 99% used [0x00000000ecb00000,0x00000000ecd7db48,0x00000000ecd80000)
  to   space 2560K, 0% used [0x00000000ecd80000,0x00000000ecd80000,0x00000000ed000000)
 ParOldGen       total 42496K, used 2135K [0x00000000c3200000, 0x00000000c5b80000, 0x00000000ebb80000)
  object space 42496K, 5% used [0x00000000c3200000,0x00000000c3415f20,0x00000000c5b80000)
 Metaspace       used 17578K, capacity 17794K, committed 18048K, reserved 1064960K
  class space    used 2280K, capacity 2366K, committed 2432K, reserved 1048576K

Card table byte_map: [0x00000000122f0000,0x00000000124e0000] byte_map_base: 0x0000000011cd7000

Marking Bits: (ParMarkBitMap*) 0x00000000751ea6c0
 Begin Bits: [0x0000000012a30000, 0x0000000013968000)
 End Bits:   [0x0000000013968000, 0x00000000148a0000)

Polling page: 0x0000000001140000

CodeCache: size=245760Kb used=4018Kb max_used=4030Kb free=241741Kb
 bounds [0x0000000002f30000, 0x0000000003330000, 0x0000000011f30000]
 total_blobs=1748 nmethods=1193 adapters=468
 compilation: enabled

Compilation events (10 events):
Event: 1.764 Thread 0x0000000015436000 1181       3       java.nio.CharBuffer::hasArray (20 bytes)
Event: 1.764 Thread 0x0000000015436000 nmethod 1181 0x000000000330aa10 code [0x000000000330ab60, 0x000000000330ad50]
Event: 1.764 Thread 0x0000000015436000 1180       3       java.nio.HeapCharBuffer::<init> (13 bytes)
Event: 1.765 Thread 0x0000000015436000 nmethod 1180 0x0000000003314210 code [0x0000000003314380, 0x0000000003314648]
Event: 1.769 Thread 0x000000001542f800 nmethod 1178 0x0000000003317a50 code [0x0000000003317c00, 0x00000000033182a8]
Event: 1.780 Thread 0x000000001542c800 1182       4       java.lang.String::substring (56 bytes)
Event: 1.783 Thread 0x0000000015436000 1183       3       java.lang.reflect.AccessibleObject::<init> (5 bytes)
Event: 1.783 Thread 0x0000000015436000 nmethod 1183 0x0000000003317690 code [0x00000000033177e0, 0x0000000003317990]
Event: 1.786 Thread 0x0000000015436000 1184       3       java.io.WinNTFileSystem::normalizePrefix (132 bytes)
Event: 1.786 Thread 0x000000001542c800 nmethod 1182 0x0000000003315950 code [0x0000000003315ac0, 0x0000000003315e98]

GC Heap History (2 events):
Event: 1.400 GC heap before
{Heap before GC invocations=1 (full 0):
 PSYoungGen      total 18432K, used 15872K [0x00000000ebb80000, 0x00000000ed000000, 0x0000000100000000)
  eden space 15872K, 100% used [0x00000000ebb80000,0x00000000ecb00000,0x00000000ecb00000)
  from space 2560K, 0% used [0x00000000ecd80000,0x00000000ecd80000,0x00000000ed000000)
  to   space 2560K, 0% used [0x00000000ecb00000,0x00000000ecb00000,0x00000000ecd80000)
 ParOldGen       total 42496K, used 0K [0x00000000c3200000, 0x00000000c5b80000, 0x00000000ebb80000)
  object space 42496K, 0% used [0x00000000c3200000,0x00000000c3200000,0x00000000c5b80000)
 Metaspace       used 14454K, capacity 14710K, committed 14720K, reserved 1062912K
  class space    used 1826K, capacity 1916K, committed 1920K, reserved 1048576K
Event: 1.407 GC heap after
Heap after GC invocations=1 (full 0):
 PSYoungGen      total 18432K, used 2550K [0x00000000ebb80000, 0x00000000ed000000, 0x0000000100000000)
  eden space 15872K, 0% used [0x00000000ebb80000,0x00000000ebb80000,0x00000000ecb00000)
  from space 2560K, 99% used [0x00000000ecb00000,0x00000000ecd7db48,0x00000000ecd80000)
  to   space 2560K, 0% used [0x00000000ecd80000,0x00000000ecd80000,0x00000000ed000000)
 ParOldGen       total 42496K, used 2135K [0x00000000c3200000, 0x00000000c5b80000, 0x00000000ebb80000)
  object space 42496K, 5% used [0x00000000c3200000,0x00000000c3415f20,0x00000000c5b80000)
 Metaspace       used 14454K, capacity 14710K, committed 14720K, reserved 1062912K
  class space    used 1826K, capacity 1916K, committed 1920K, reserved 1048576K
}

Deoptimization events (10 events):
Event: 1.562 Thread 0x0000000002e30800 Uncommon trap: reason=unstable_if action=reinterpret pc=0x0000000003161fb8 method=java.util.HashMap.getNode(ILjava/lang/Object;)Ljava/util/HashMap$Node; @ 62
Event: 1.563 Thread 0x0000000002e30800 Uncommon trap: reason=unstable_if action=reinterpret pc=0x0000000003126a24 method=java.util.HashMap.getNode(ILjava/lang/Object;)Ljava/util/HashMap$Node; @ 62
Event: 1.640 Thread 0x0000000002e30800 Uncommon trap: reason=unstable_if action=reinterpret pc=0x0000000003296140 method=sun.misc.MetaIndex.mayContain(Ljava/lang/String;)Z @ 38
Event: 1.659 Thread 0x0000000002e30800 Uncommon trap: reason=unstable_if action=reinterpret pc=0x00000000032d4724 method=sun.misc.MetaIndex.mayContain(Ljava/lang/String;)Z @ 38
Event: 1.683 Thread 0x0000000002e30800 Uncommon trap: reason=predicate action=maybe_recompile pc=0x00000000031f37b0 method=java.util.Arrays.binarySearch0([Ljava/lang/Object;IILjava/lang/Object;Ljava/util/Comparator;)I @ 28
Event: 1.694 Thread 0x0000000002e30800 Uncommon trap: reason=range_check action=make_not_entrant pc=0x0000000003270320 method=sun.reflect.generics.parser.SignatureParser.current()C @ 34
Event: 1.701 Thread 0x0000000002e30800 Uncommon trap: reason=class_check action=maybe_recompile pc=0x000000000326606c method=java.util.HashMap.putVal(ILjava/lang/Object;Ljava/lang/Object;ZZ)Ljava/lang/Object; @ 203
Event: 1.701 Thread 0x0000000002e30800 Uncommon trap: reason=class_check action=maybe_recompile pc=0x000000000326606c method=java.util.HashMap.putVal(ILjava/lang/Object;Ljava/lang/Object;ZZ)Ljava/lang/Object; @ 203
Event: 1.713 Thread 0x0000000002e30800 Uncommon trap: reason=class_check action=maybe_recompile pc=0x000000000326606c method=java.util.HashMap.putVal(ILjava/lang/Object;Ljava/lang/Object;ZZ)Ljava/lang/Object; @ 203
Event: 1.743 Thread 0x0000000002e30800 Uncommon trap: reason=class_check action=maybe_recompile pc=0x000000000326606c method=java.util.HashMap.putVal(ILjava/lang/Object;Ljava/lang/Object;ZZ)Ljava/lang/Object; @ 203

Internal exceptions (10 events):
Event: 1.249 Thread 0x0000000002e30800 Exception <a 'java/io/FileNotFoundException'> (0x00000000ec68f180) thrown at [C:\re\workspace\8-2-build-windows-amd64-cygwin\jdk8u111\7883\hotspot\src\share\vm\prims\jni.cpp, line 709]
Event: 1.251 Thread 0x0000000002e30800 Exception <a 'java/io/FileNotFoundException'> (0x00000000ec6a1c10) thrown at [C:\re\workspace\8-2-build-windows-amd64-cygwin\jdk8u111\7883\hotspot\src\share\vm\prims\jni.cpp, line 709]
Event: 1.256 Thread 0x0000000002e30800 Exception <a 'java/io/FileNotFoundException'> (0x00000000ec6b7de8) thrown at [C:\re\workspace\8-2-build-windows-amd64-cygwin\jdk8u111\7883\hotspot\src\share\vm\prims\jni.cpp, line 709]
Event: 1.694 Thread 0x0000000002e30800 Exception <a 'java/lang/ArrayIndexOutOfBoundsException': 71> (0x00000000ec2e94a0) thrown at [C:\re\workspace\8-2-build-windows-amd64-cygwin\jdk8u111\7883\hotspot\src\share\vm\interpreter\interpreterRuntime.cpp, line 366]
Event: 1.694 Thread 0x0000000002e30800 Exception <a 'java/lang/ArrayIndexOutOfBoundsException': 18> (0x00000000ec2ea218) thrown at [C:\re\workspace\8-2-build-windows-amd64-cygwin\jdk8u111\7883\hotspot\src\share\vm\interpreter\interpreterRuntime.cpp, line 366]
Event: 1.695 Thread 0x0000000002e30800 Exception <a 'java/lang/ArrayIndexOutOfBoundsException': 60> (0x00000000ec2eb1d0) thrown at [C:\re\workspace\8-2-build-windows-amd64-cygwin\jdk8u111\7883\hotspot\src\share\vm\interpreter\interpreterRuntime.cpp, line 366]
Event: 1.773 Thread 0x00000000173d1000 Exception <a 'java/io/FileNotFoundException'> (0x00000000ec4ca450) thrown at [C:\re\workspace\8-2-build-windows-amd64-cygwin\jdk8u111\7883\hotspot\src\share\vm\prims\jni.cpp, line 709]
Event: 1.777 Thread 0x00000000173d1000 Exception <a 'java/io/FileNotFoundException'> (0x00000000ec4f43f0) thrown at [C:\re\workspace\8-2-build-windows-amd64-cygwin\jdk8u111\7883\hotspot\src\share\vm\prims\jni.cpp, line 709]
Event: 1.777 Thread 0x00000000173c6800 Exception <a 'java/io/FileNotFoundException'> (0x00000000ec4e93a0) thrown at [C:\re\workspace\8-2-build-windows-amd64-cygwin\jdk8u111\7883\hotspot\src\share\vm\prims\jni.cpp, line 709]
Event: 1.781 Thread 0x00000000173c6800 Exception <a 'java/io/FileNotFoundException'> (0x00000000ec513308) thrown at [C:\re\workspace\8-2-build-windows-amd64-cygwin\jdk8u111\7883\hotspot\src\share\vm\prims\jni.cpp, line 709]

Events (10 events):
Event: 1.783 loading class java/util/TooManyListenersException
Event: 1.783 loading class java/util/TooManyListenersException done
Event: 1.784 loading class gnu/io/RXTXPort$SerialOutputStream
Event: 1.784 loading class gnu/io/RXTXPort$SerialOutputStream done
Event: 1.784 loading class gnu/io/RXTXPort$SerialInputStream
Event: 1.784 loading class gnu/io/RXTXPort$SerialInputStream done
Event: 1.785 loading class gnu/io/Zystem
Event: 1.785 loading class gnu/io/Zystem done
Event: 1.785 loading class gnu/io/UnSupportedLoggerException
Event: 1.785 loading class gnu/io/UnSupportedLoggerException done


Dynamic libraries:
0x00007ff73e630000 - 0x00007ff73e667000 	C:\Program Files\Java\jre1.8.0_111\bin\javaw.exe
0x00007ff929bd0000 - 0x00007ff929d7d000 	C:\WINDOWS\SYSTEM32\ntdll.dll
0x00007ff927a60000 - 0x00007ff927b9e000 	C:\WINDOWS\system32\KERNEL32.DLL
0x00007ff926e40000 - 0x00007ff926f55000 	C:\WINDOWS\system32\KERNELBASE.dll
0x00007ff925880000 - 0x00007ff92590e000 	C:\WINDOWS\system32\apphelp.dll
0x00007ff90b780000 - 0x00007ff90b7d3000 	C:\WINDOWS\AppPatch\AppPatch64\AcGenral.DLL
0x00007ff9275b0000 - 0x00007ff92765a000 	C:\WINDOWS\system32\msvcrt.dll
0x00007ff926dc0000 - 0x00007ff926dee000 	C:\WINDOWS\system32\SspiCli.dll
0x00007ff927bb0000 - 0x00007ff927c04000 	C:\WINDOWS\system32\SHLWAPI.dll
0x00007ff927fc0000 - 0x00007ff928137000 	C:\WINDOWS\system32\USER32.dll
0x00007ff929a20000 - 0x00007ff929bb4000 	C:\WINDOWS\system32\ole32.dll
0x00007ff9284f0000 - 0x00007ff929a18000 	C:\WINDOWS\system32\SHELL32.dll
0x00007ff926280000 - 0x00007ff9262a1000 	C:\WINDOWS\SYSTEM32\USERENV.dll
0x00007ff927500000 - 0x00007ff9275aa000 	C:\WINDOWS\system32\ADVAPI32.dll
0x00007ff91ed60000 - 0x00007ff91ed7e000 	C:\WINDOWS\SYSTEM32\MPR.dll
0x00007ff927660000 - 0x00007ff9277a0000 	C:\WINDOWS\system32\RPCRT4.dll
0x00007ff928180000 - 0x00007ff9281d9000 	C:\WINDOWS\SYSTEM32\sechost.dll
0x00007ff927da0000 - 0x00007ff927fb1000 	C:\WINDOWS\SYSTEM32\combase.dll
0x00007ff9273b0000 - 0x00007ff9274ff000 	C:\WINDOWS\system32\GDI32.dll
0x00007ff926cf0000 - 0x00007ff926d05000 	C:\WINDOWS\SYSTEM32\profapi.dll
0x00007ff9252b0000 - 0x00007ff925362000 	C:\WINDOWS\SYSTEM32\SHCORE.dll
0x00007ff928140000 - 0x00007ff928176000 	C:\WINDOWS\system32\IMM32.DLL
0x00007ff927250000 - 0x00007ff9273a2000 	C:\WINDOWS\system32\MSCTF.dll
0x00007ff926cb0000 - 0x00007ff926ce0000 	C:\Windows\system32\nvinitx.dll
0x00007ff926ca0000 - 0x00007ff926caa000 	C:\WINDOWS\SYSTEM32\VERSION.dll
0x0000000050e20000 - 0x0000000050e26000 	C:\Program Files\NVIDIA Corporation\CoProcManager\_etoured.dll
0x00007ff924840000 - 0x00007ff924878000 	C:\Program Files\NVIDIA Corporation\CoProcManager\nvd3d9wrapx.dll
0x00007ff928310000 - 0x00007ff9284ea000 	C:\WINDOWS\system32\SETUPAPI.dll
0x00007ff926df0000 - 0x00007ff926e3f000 	C:\WINDOWS\system32\CFGMGR32.dll
0x00007ff9247d0000 - 0x00007ff9247f4000 	C:\Program Files\NVIDIA Corporation\CoProcManager\nvdxgiwrapx.dll
0x00007ff924950000 - 0x00007ff924bcb000 	C:\WINDOWS\WinSxS\amd64_microsoft.windows.common-controls_6595b64144ccf1df_6.0.9600.18006_none_623f33d3ecbe86e8\COMCTL32.dll
0x00000000748c0000 - 0x0000000074992000 	C:\Program Files\Java\jre1.8.0_111\bin\msvcr100.dll
0x00000000749d0000 - 0x000000007526a000 	C:\Program Files\Java\jre1.8.0_111\bin\server\jvm.dll
0x00007ff9094b0000 - 0x00007ff9094b9000 	C:\WINDOWS\SYSTEM32\WSOCK32.dll
0x00007ff91c4f0000 - 0x00007ff91c512000 	C:\WINDOWS\SYSTEM32\WINMM.dll
0x00007ff929bc0000 - 0x00007ff929bc7000 	C:\WINDOWS\system32\PSAPI.DLL
0x00007ff9282a0000 - 0x00007ff9282fa000 	C:\WINDOWS\system32\WS2_32.dll
0x00007ff91c380000 - 0x00007ff91c3aa000 	C:\WINDOWS\SYSTEM32\WINMMBASE.dll
0x00007ff928300000 - 0x00007ff928309000 	C:\WINDOWS\system32\NSI.dll
0x00007ff925ae0000 - 0x00007ff925b08000 	C:\WINDOWS\SYSTEM32\DEVOBJ.dll
0x0000000076af0000 - 0x0000000076aff000 	C:\Program Files\Java\jre1.8.0_111\bin\verify.dll
0x0000000076ac0000 - 0x0000000076ae9000 	C:\Program Files\Java\jre1.8.0_111\bin\java.dll
0x0000000076aa0000 - 0x0000000076ab6000 	C:\Program Files\Java\jre1.8.0_111\bin\zip.dll
0x0000000074720000 - 0x00000000748b8000 	C:\Program Files\Java\jre1.8.0_111\bin\awt.dll
0x00007ff927990000 - 0x00007ff927a56000 	C:\WINDOWS\system32\OLEAUT32.dll
0x00007ff925920000 - 0x00007ff925a49000 	C:\WINDOWS\system32\uxtheme.dll
0x00007ff924bf0000 - 0x00007ff924c11000 	C:\WINDOWS\system32\dwmapi.dll
0x00007ff925ad0000 - 0x00007ff925adb000 	C:\WINDOWS\SYSTEM32\kernel.appcore.dll
0x00007ff926bf0000 - 0x00007ff926bfb000 	C:\WINDOWS\SYSTEM32\CRYPTBASE.dll
0x00007ff926b80000 - 0x00007ff926be3000 	C:\WINDOWS\SYSTEM32\bcryptPrimitives.dll
0x00007ff909aa0000 - 0x00007ff909ccf000 	C:\Program Files\Acer\Acer Power Management\SysHook.dll
0x00007ff922a60000 - 0x00007ff922a67000 	C:\WINDOWS\SYSTEM32\MSIMG32.dll
0x00007ff927c10000 - 0x00007ff927cc6000 	C:\WINDOWS\system32\COMDLG32.dll
0x00007ff91c3b0000 - 0x00007ff91c432000 	C:\WINDOWS\SYSTEM32\WINSPOOL.DRV
0x00007ff91ed80000 - 0x00007ff91ef31000 	C:\WINDOWS\WinSxS\amd64_microsoft.windows.gdiplus_6595b64144ccf1df_1.1.9600.18470_none_9331b0df474a1995\gdiplus.dll
0x00007ff922990000 - 0x00007ff9229fa000 	C:\WINDOWS\SYSTEM32\OLEACC.dll
0x00007ff926550000 - 0x00007ff926570000 	C:\WINDOWS\SYSTEM32\CRYPTSP.dll
0x00007ff926170000 - 0x00007ff9261a6000 	C:\WINDOWS\system32\rsaenh.dll
0x00007ff926870000 - 0x00007ff926896000 	C:\WINDOWS\SYSTEM32\bcrypt.dll
0x0000000076a80000 - 0x0000000076a9a000 	C:\Program Files\Java\jre1.8.0_111\bin\net.dll
0x00007ff9264f0000 - 0x00007ff926549000 	C:\WINDOWS\system32\mswsock.dll
0x00007ff922280000 - 0x00007ff9222aa000 	C:\WINDOWS\SYSTEM32\IPHLPAPI.DLL
0x00007ff922260000 - 0x00007ff92226a000 	C:\WINDOWS\SYSTEM32\WINNSI.DLL
0x00007ff921e70000 - 0x00007ff921e86000 	C:\WINDOWS\SYSTEM32\dhcpcsvc6.DLL
0x00007ff921f20000 - 0x00007ff921f3a000 	C:\WINDOWS\SYSTEM32\dhcpcsvc.DLL
0x0000000076a60000 - 0x0000000076a71000 	C:\Program Files\Java\jre1.8.0_111\bin\nio.dll
0x00000000746d0000 - 0x0000000074717000 	C:\Program Files\Java\jre1.8.0_111\bin\fontmanager.dll
0x00007ff9281e0000 - 0x00007ff928296000 	C:\WINDOWS\SYSTEM32\clbcatq.dll
0x00007ff9240a0000 - 0x00007ff92424e000 	C:\WINDOWS\SYSTEM32\WindowsCodecs.dll
0x0000000074680000 - 0x00000000746c2000 	C:\Program Files\Java\jre1.8.0_111\bin\t2k.dll
0x0000000180000000 - 0x0000000180025000 	C:\Program Files\Java\jre1.8.0_111\bin\rxtxSerial.dll
0x0000000074670000 - 0x000000007467d000 	C:\Program Files\Java\jre1.8.0_111\bin\management.dll
0x00007ff91b990000 - 0x00007ff91b9a5000 	C:\WINDOWS\system32\napinsp.dll
0x00007ff91b970000 - 0x00007ff91b98a000 	C:\WINDOWS\system32\pnrpnsp.dll
0x00007ff9246e0000 - 0x00007ff9246fb000 	C:\WINDOWS\system32\NLAapi.dll
0x00007ff9262f0000 - 0x00007ff926394000 	C:\WINDOWS\SYSTEM32\DNSAPI.dll
0x00007ff91b960000 - 0x00007ff91b96d000 	C:\WINDOWS\System32\winrnr.dll
0x00007ff91b940000 - 0x00007ff91b954000 	C:\WINDOWS\system32\wshbth.dll
0x00007ff91df20000 - 0x00007ff91df2a000 	C:\Windows\System32\rasadhlp.dll
0x00007ff9220d0000 - 0x00007ff92213b000 	C:\WINDOWS\System32\fwpuclnt.dll
0x00007ff919780000 - 0x00007ff919909000 	C:\WINDOWS\SYSTEM32\dbghelp.dll

VM Arguments:
jvm_args: -Dfile.encoding=Cp1252 
java_command: SMS_Messenger.MainWindow
java_class_path (initial): C:\Users\Aspire V5\Documents\workspace\SMS_Mesenger\bin
Launcher Type: SUN_STANDARD

Environment Variables:
JAVA_HOME=C:\Program Files\Java\jdk1.8.0_102
PATH=C:/Program Files/Java/jre1.8.0_111/bin/server;C:/Program Files/Java/jre1.8.0_111/bin;C:/Program Files/Java/jre1.8.0_111/lib/amd64;%jJAVA_HOME%;C:\ProgramData\Oracle\Java\javapath;C:\Program Files (x86)\Intel\iCLS Client\;C:\Program Files\Intel\iCLS Client\;C:\WINDOWS\system32;C:\WINDOWS;C:\WINDOWS\System32\Wbem;C:\WINDOWS\System32\WindowsPowerShell\v1.0\;C:\Program Files (x86)\Intel\OpenCL SDK\2.0\bin\x86;C:\Program Files (x86)\Intel\OpenCL SDK\2.0\bin\x64;C:\Program Files\Intel\Intel(R) Management Engine Components\DAL;C:\Program Files\Intel\Intel(R) Management Engine Components\IPT;C:\Program Files (x86)\Intel\Intel(R) Management Engine Components\DAL;C:\Program Files (x86)\Intel\Intel(R) Management Engine Components\IPT;C:\Program Files (x86)\EgisTec MyWinLocker\x64;C:\Program Files (x86)\EgisTec MyWinLocker\;C:\Program Files (x86)\NVIDIA Corporation\PhysX\Common;C:\Program Files\Java\jdk1.8.0_102\bin;C:\Apache_Ant\apache-ant-1.9.7\bin;C:\Program Files\MiKTeX 2.9\miktex\bin\x64\;C:\Users\Aspire V5\Downloads\eclipse-java-luna-SR1a-win32-x86_64\eclipse;
USERNAME=Aspire V5
OS=Windows_NT
PROCESSOR_IDENTIFIER=Intel64 Family 6 Model 58 Stepping 9, GenuineIntel



---------------  S Y S T E M  ---------------

OS: Windows 8.1 , 64 bit Build 9600 (6.3.9600.17415)

CPU:total 4 (2 cores per cpu, 2 threads per core) family 6 model 58 stepping 9, cmov, cx8, fxsr, mmx, sse, sse2, sse3, ssse3, sse4.1, sse4.2, popcnt, avx, clmul, erms, ht, tsc, tscinvbit, tscinv

Memory: 4k page, physical 3984996k(1715632k free), swap 6868580k(3511380k free)

vm_info: Java HotSpot(TM) 64-Bit Server VM (25.111-b14) for windows-amd64 JRE (1.8.0_111-b14), built on Sep 22 2016 19:24:05 by "java_re" with MS VC++ 10.0 (VS2010)

time: Mon Nov 28 15:25:07 2016
elapsed time: 1 seconds (0d 0h 0m 1s)

