#
# A fatal error has been detected by the Java Runtime Environment:
#
#  EXCEPTION_ACCESS_VIOLATION (0xc0000005) at pc=0x0000000180008790, pid=37572, tid=0x0000000000008ca0
#
# JRE version: Java(TM) SE Runtime Environment (8.0_111-b14) (build 1.8.0_111-b14)
# Java VM: Java HotSpot(TM) 64-Bit Server VM (25.111-b14 mixed mode windows-amd64 compressed oops)
# Problematic frame:
# C  [rxtxSerial.dll+0x8790]
#
# Failed to write core dump. Minidumps are not enabled by default on client versions of Windows
#
# If you would like to submit a bug report, please visit:
#   http://bugreport.java.com/bugreport/crash.jsp
# The crash happened outside the Java Virtual Machine in native code.
# See problematic frame for where to report the bug.
#

---------------  T H R E A D  ---------------

Current thread (0x00000000170b8000):  JavaThread "Thread-8" [_thread_in_native, id=36000, stack(0x00000000194e0000,0x00000000195e0000)]

siginfo: ExceptionCode=0xc0000005, reading address 0x00000000000000f8

Registers:
RAX=0x0000000000000002, RBX=0x0000000018dd12d0, RCX=0x0000000000000001, RDX=0x0000000000000000
RSP=0x00000000195de600, RBP=0x00000000195de878, RSI=0x0000000017285e79, RDI=0x0000000000000000
R8 =0x0000000000000000, R9 =0x0000000000000000, R10=0x0000000018dd8400, R11=0x0000000000000002
R12=0x00000000195de880, R13=0x0000000018625150, R14=0x00000000195de880, R15=0x00000000170b8000
RIP=0x0000000180008790, EFLAGS=0x0000000000010202

Top of Stack: (sp=0x00000000195de600)
0x00000000195de600:   0000000018dd12d0 0000000017285e70
0x00000000195de610:   00000000170b8000 0000000000000009
0x00000000195de620:   0000000017285e70 000000018000aab4
0x00000000195de630:   00000000170b81f8 0000000000000106
0x00000000195de640:   0000000018625150 00000000195de880
0x00000000195de650:   00000000170ba0e0 0000000017285e70
0x00000000195de660:   00000000195de878 000000018000b7fe
0x00000000195de670:   0000000000000008 0000000018625150
0x00000000195de680:   00000000170b81f8 0000000000000000
0x00000000195de690:   00000000170b8000 0000000000000000
0x00000000195de6a0:   000044dc7b48bf13 000000007fffffdc
0x00000000195de6b0:   00000000195de740 0000000000000042
0x00000000195de6c0:   00000000170b81f8 0000000000000000
0x00000000195de6d0:   0000000017285e70 000000018000213d
0x00000000195de6e0:   00000000195de878 000000018001c0b0
0x00000000195de6f0:   0000000000000000 0000000180000000 

Instructions: (pc=0x0000000180008790)
0x0000000180008770:   89 83 00 01 00 00 48 89 1d 73 6f 01 00 48 8b c3
0x0000000180008780:   48 8b 5c 24 30 48 8b 74 24 38 48 83 c4 20 5f c3
0x0000000180008790:   39 87 f8 00 00 00 7d 20 0f 1f 84 00 00 00 00 00
0x00000001800087a0:   48 8b 87 00 01 00 00 48 85 c0 74 0c 44 39 98 f8 


Register to memory mapping:

RAX=0x0000000000000002 is an unknown value
RBX=0x0000000018dd12d0 is an unknown value
RCX=0x0000000000000001 is an unknown value
RDX=0x0000000000000000 is an unknown value
RSP=0x00000000195de600 is pointing into the stack for thread: 0x00000000170b8000
RBP=0x00000000195de878 is pointing into the stack for thread: 0x00000000170b8000
RSI=0x0000000017285e79 is an unknown value
RDI=0x0000000000000000 is an unknown value
R8 =0x0000000000000000 is an unknown value
R9 =0x0000000000000000 is an unknown value
R10=0x0000000018dd8400 is an unknown value
R11=0x0000000000000002 is an unknown value
R12=0x00000000195de880 is pointing into the stack for thread: 0x00000000170b8000
R13=0x0000000018625150 is pointing into metadata
R14=0x00000000195de880 is pointing into the stack for thread: 0x00000000170b8000
R15=0x00000000170b8000 is a thread


Stack: [0x00000000194e0000,0x00000000195e0000],  sp=0x00000000195de600,  free space=1017k
Native frames: (J=compiled Java code, j=interpreted, Vv=VM code, C=native code)
C  [rxtxSerial.dll+0x8790]
C  [rxtxSerial.dll+0xaab4]
C  [rxtxSerial.dll+0x213d]
C  0x0000000002858a77

Java frames: (J=compiled Java code, j=interpreted, Vv=VM code)
j  gnu.io.RXTXPort.open(Ljava/lang/String;)I+0
j  gnu.io.RXTXPort.<init>(Ljava/lang/String;)V+125
j  gnu.io.RXTXCommDriver.getCommPort(Ljava/lang/String;I)Lgnu/io/CommPort;+78
j  gnu.io.CommPortIdentifier.open(Ljava/lang/String;I)Lgnu/io/CommPort;+171
v  ~StubRoutines::call_stub
j  sun.reflect.NativeMethodAccessorImpl.invoke0(Ljava/lang/reflect/Method;Ljava/lang/Object;[Ljava/lang/Object;)Ljava/lang/Object;+0
j  sun.reflect.NativeMethodAccessorImpl.invoke(Ljava/lang/Object;[Ljava/lang/Object;)Ljava/lang/Object;+100
J 562 C1 sun.reflect.DelegatingMethodAccessorImpl.invoke(Ljava/lang/Object;[Ljava/lang/Object;)Ljava/lang/Object; (10 bytes) @ 0x0000000002a80c04 [0x0000000002a80b00+0x104]
J 561 C1 java.lang.reflect.Method.invoke(Ljava/lang/Object;[Ljava/lang/Object;)Ljava/lang/Object; (62 bytes) @ 0x0000000002a813ac [0x0000000002a80fc0+0x3ec]
j  org.smslib.helper.CommPortIdentifier.open(Ljava/lang/String;I)Lorg/smslib/helper/SerialPort;+53
j  org.smslib.modem.SerialModemDriver.connectPort()V+129
j  org.smslib.modem.AModemDriver.connect()V+8
j  org.smslib.modem.ModemGateway.startGateway()V+45
j  org.smslib.Service$1Starter.run()V+4
v  ~StubRoutines::call_stub

---------------  P R O C E S S  ---------------

Java Threads: ( => current thread )
  0x000000001686a800 JavaThread "SMSlib-ModemReader-COM3modem" daemon [_thread_blocked, id=35664, stack(0x00000000197e0000,0x00000000198e0000)]
  0x0000000016866000 JavaThread "CNMIEmulatorProcessor [COM3modem]" [_thread_blocked, id=27376, stack(0x00000000196e0000,0x00000000197e0000)]
  0x0000000016866800 JavaThread "KeepAlive [COM3modem]" [_thread_blocked, id=37616, stack(0x00000000195e0000,0x00000000196e0000)]
  0x000000001724b000 JavaThread "Thread-9" [_thread_in_native, id=37036, stack(0x0000000019ee0000,0x0000000019fe0000)]
=>0x00000000170b8000 JavaThread "Thread-8" [_thread_in_native, id=36000, stack(0x00000000194e0000,0x00000000195e0000)]
  0x00000000170b7000 JavaThread "Thread-7" [_thread_in_vm, id=37072, stack(0x00000000193e0000,0x00000000194e0000)]
  0x00000000170b4800 JavaThread "WatchDog" [_thread_blocked, id=35672, stack(0x00000000192e0000,0x00000000193e0000)]
  0x00000000170b3800 JavaThread "DelayQueueManager" [_thread_blocked, id=37436, stack(0x00000000191e0000,0x00000000192e0000)]
  0x00000000170a8800 JavaThread "NotifyQueueManager" [_thread_blocked, id=36352, stack(0x0000000018c90000,0x0000000018d90000)]
  0x0000000016dbf000 JavaThread "AWT-EventQueue-0" [_thread_blocked, id=37772, stack(0x00000000183c0000,0x00000000184c0000)]
  0x0000000016cfa000 JavaThread "Image Fetcher 3" daemon [_thread_blocked, id=35112, stack(0x0000000017de0000,0x0000000017ee0000)]
  0x0000000016cd3800 JavaThread "AWT-Windows" daemon [_thread_in_native, id=37828, stack(0x0000000017680000,0x0000000017780000)]
  0x0000000016cd1000 JavaThread "AWT-Shutdown" [_thread_blocked, id=36528, stack(0x0000000017580000,0x0000000017680000)]
  0x0000000016ccf000 JavaThread "Java2D Disposer" daemon [_thread_blocked, id=37064, stack(0x0000000017480000,0x0000000017580000)]
  0x00000000166a5000 JavaThread "Service Thread" daemon [_thread_blocked, id=37228, stack(0x0000000016a80000,0x0000000016b80000)]
  0x0000000014d47800 JavaThread "C1 CompilerThread2" daemon [_thread_blocked, id=31944, stack(0x0000000016580000,0x0000000016680000)]
  0x0000000014d44000 JavaThread "C2 CompilerThread1" daemon [_thread_blocked, id=30108, stack(0x0000000016480000,0x0000000016580000)]
  0x0000000014d3d800 JavaThread "C2 CompilerThread0" daemon [_thread_blocked, id=35532, stack(0x0000000016380000,0x0000000016480000)]
  0x0000000014d3b800 JavaThread "Attach Listener" daemon [_thread_blocked, id=36736, stack(0x0000000016280000,0x0000000016380000)]
  0x0000000014d3a000 JavaThread "Signal Dispatcher" daemon [_thread_blocked, id=37256, stack(0x0000000016180000,0x0000000016280000)]
  0x0000000014d2a800 JavaThread "Finalizer" daemon [_thread_blocked, id=37060, stack(0x0000000015fa0000,0x00000000160a0000)]
  0x000000000282f000 JavaThread "Reference Handler" daemon [_thread_blocked, id=37288, stack(0x0000000015ea0000,0x0000000015fa0000)]
  0x0000000002740800 JavaThread "main" [_thread_blocked, id=33444, stack(0x0000000002640000,0x0000000002740000)]

Other Threads:
  0x0000000014d07800 VMThread [stack: 0x0000000015da0000,0x0000000015ea0000] [id=37304]
  0x00000000166d2800 WatcherThread [stack: 0x0000000016b80000,0x0000000016c80000] [id=37116]

VM state:not at safepoint (normal execution)

VM Mutex/Monitor currently owned by a thread: None

Heap:
 PSYoungGen      total 18432K, used 13461K [0x00000000ebb80000, 0x00000000ed000000, 0x0000000100000000)
  eden space 15872K, 68% used [0x00000000ebb80000,0x00000000ec62ba68,0x00000000ecb00000)
  from space 2560K, 99% used [0x00000000ecb00000,0x00000000ecd79b38,0x00000000ecd80000)
  to   space 2560K, 0% used [0x00000000ecd80000,0x00000000ecd80000,0x00000000ed000000)
 ParOldGen       total 42496K, used 2199K [0x00000000c3200000, 0x00000000c5b80000, 0x00000000ebb80000)
  object space 42496K, 5% used [0x00000000c3200000,0x00000000c3425f20,0x00000000c5b80000)
 Metaspace       used 17529K, capacity 17726K, committed 17792K, reserved 1064960K
  class space    used 2281K, capacity 2366K, committed 2432K, reserved 1048576K

Card table byte_map: [0x0000000011c00000,0x0000000011df0000] byte_map_base: 0x00000000115e7000

Marking Bits: (ParMarkBitMap*) 0x000000006a15a6c0
 Begin Bits: [0x0000000012340000, 0x0000000013278000)
 End Bits:   [0x0000000013278000, 0x00000000141b0000)

Polling page: 0x0000000002530000

CodeCache: size=245760Kb used=3955Kb max_used=3965Kb free=241804Kb
 bounds [0x0000000002840000, 0x0000000002c30000, 0x0000000011840000]
 total_blobs=1741 nmethods=1183 adapters=470
 compilation: enabled

Compilation events (10 events):
Event: 1.597 Thread 0x0000000014d47800 nmethod 1171 0x0000000002c0e590 code [0x0000000002c0e720, 0x0000000002c0ea38]
Event: 1.597 Thread 0x0000000014d47800 1169       3       java.nio.CharBuffer::allocate (22 bytes)
Event: 1.598 Thread 0x0000000014d47800 nmethod 1169 0x0000000002c16d50 code [0x0000000002c16ee0, 0x0000000002c17338]
Event: 1.602 Thread 0x0000000014d44000 nmethod 1168 0x0000000002c1acd0 code [0x0000000002c1ae80, 0x0000000002c1b528]
Event: 1.609 Thread 0x0000000014d47800 1172       3       sun.awt.AWTAutoShutdown::getInstance (4 bytes)
Event: 1.609 Thread 0x0000000014d47800 nmethod 1172 0x0000000002c1a9d0 code [0x0000000002c1ab20, 0x0000000002c1ac50]
Event: 1.610 Thread 0x0000000014d47800 1173       3       java.lang.ClassLoader::checkPackageAccess (122 bytes)
Event: 1.611 Thread 0x0000000014d47800 nmethod 1173 0x0000000002c19610 code [0x0000000002c19840, 0x0000000002c1a428]
Event: 1.613 Thread 0x0000000014d3d800 1174       4       java.lang.String::substring (56 bytes)
Event: 1.619 Thread 0x0000000014d3d800 nmethod 1174 0x0000000002c1d650 code [0x0000000002c1d7c0, 0x0000000002c1db98]

GC Heap History (2 events):
Event: 1.202 GC heap before
{Heap before GC invocations=1 (full 0):
 PSYoungGen      total 18432K, used 15872K [0x00000000ebb80000, 0x00000000ed000000, 0x0000000100000000)
  eden space 15872K, 100% used [0x00000000ebb80000,0x00000000ecb00000,0x00000000ecb00000)
  from space 2560K, 0% used [0x00000000ecd80000,0x00000000ecd80000,0x00000000ed000000)
  to   space 2560K, 0% used [0x00000000ecb00000,0x00000000ecb00000,0x00000000ecd80000)
 ParOldGen       total 42496K, used 0K [0x00000000c3200000, 0x00000000c5b80000, 0x00000000ebb80000)
  object space 42496K, 0% used [0x00000000c3200000,0x00000000c3200000,0x00000000c5b80000)
 Metaspace       used 14384K, capacity 14642K, committed 14720K, reserved 1062912K
  class space    used 1824K, capacity 1916K, committed 1920K, reserved 1048576K
Event: 1.209 GC heap after
Heap after GC invocations=1 (full 0):
 PSYoungGen      total 18432K, used 2534K [0x00000000ebb80000, 0x00000000ed000000, 0x0000000100000000)
  eden space 15872K, 0% used [0x00000000ebb80000,0x00000000ebb80000,0x00000000ecb00000)
  from space 2560K, 99% used [0x00000000ecb00000,0x00000000ecd79b38,0x00000000ecd80000)
  to   space 2560K, 0% used [0x00000000ecd80000,0x00000000ecd80000,0x00000000ed000000)
 ParOldGen       total 42496K, used 2199K [0x00000000c3200000, 0x00000000c5b80000, 0x00000000ebb80000)
  object space 42496K, 5% used [0x00000000c3200000,0x00000000c3425f20,0x00000000c5b80000)
 Metaspace       used 14384K, capacity 14642K, committed 14720K, reserved 1062912K
  class space    used 1824K, capacity 1916K, committed 1920K, reserved 1048576K
}

Deoptimization events (10 events):
Event: 1.353 Thread 0x0000000002740800 Uncommon trap: reason=unstable_if action=reinterpret pc=0x0000000002a58938 method=java.util.HashMap.getNode(ILjava/lang/Object;)Ljava/util/HashMap$Node; @ 62
Event: 1.353 Thread 0x0000000002740800 Uncommon trap: reason=unstable_if action=reinterpret pc=0x0000000002a2ae64 method=java.util.HashMap.getNode(ILjava/lang/Object;)Ljava/util/HashMap$Node; @ 62
Event: 1.443 Thread 0x0000000002740800 Uncommon trap: reason=unstable_if action=reinterpret pc=0x0000000002bcf9ac method=sun.misc.MetaIndex.mayContain(Ljava/lang/String;)Z @ 38
Event: 1.445 Thread 0x0000000002740800 Uncommon trap: reason=unstable_if action=reinterpret pc=0x0000000002b96ac0 method=sun.misc.MetaIndex.mayContain(Ljava/lang/String;)Z @ 38
Event: 1.515 Thread 0x0000000002740800 Uncommon trap: reason=predicate action=maybe_recompile pc=0x0000000002b00630 method=java.util.Arrays.binarySearch0([Ljava/lang/Object;IILjava/lang/Object;Ljava/util/Comparator;)I @ 28
Event: 1.527 Thread 0x0000000002740800 Uncommon trap: reason=range_check action=make_not_entrant pc=0x0000000002ba2ea0 method=sun.reflect.generics.parser.SignatureParser.current()C @ 34
Event: 1.535 Thread 0x0000000002740800 Uncommon trap: reason=class_check action=maybe_recompile pc=0x0000000002b631ec method=java.util.HashMap.putVal(ILjava/lang/Object;Ljava/lang/Object;ZZ)Ljava/lang/Object; @ 203
Event: 1.535 Thread 0x0000000002740800 Uncommon trap: reason=class_check action=maybe_recompile pc=0x0000000002b631ec method=java.util.HashMap.putVal(ILjava/lang/Object;Ljava/lang/Object;ZZ)Ljava/lang/Object; @ 203
Event: 1.548 Thread 0x0000000002740800 Uncommon trap: reason=class_check action=maybe_recompile pc=0x0000000002b631ec method=java.util.HashMap.putVal(ILjava/lang/Object;Ljava/lang/Object;ZZ)Ljava/lang/Object; @ 203
Event: 1.577 Thread 0x0000000002740800 Uncommon trap: reason=class_check action=maybe_recompile pc=0x0000000002b631ec method=java.util.HashMap.putVal(ILjava/lang/Object;Ljava/lang/Object;ZZ)Ljava/lang/Object; @ 203

Internal exceptions (10 events):
Event: 1.033 Thread 0x0000000002740800 Exception <a 'java/io/FileNotFoundException'> (0x00000000ec683a70) thrown at [C:\re\workspace\8-2-build-windows-amd64-cygwin\jdk8u111\7883\hotspot\src\share\vm\prims\jni.cpp, line 709]
Event: 1.035 Thread 0x0000000002740800 Exception <a 'java/io/FileNotFoundException'> (0x00000000ec696500) thrown at [C:\re\workspace\8-2-build-windows-amd64-cygwin\jdk8u111\7883\hotspot\src\share\vm\prims\jni.cpp, line 709]
Event: 1.040 Thread 0x0000000002740800 Exception <a 'java/io/FileNotFoundException'> (0x00000000ec6ac6d8) thrown at [C:\re\workspace\8-2-build-windows-amd64-cygwin\jdk8u111\7883\hotspot\src\share\vm\prims\jni.cpp, line 709]
Event: 1.528 Thread 0x0000000002740800 Exception <a 'java/lang/ArrayIndexOutOfBoundsException': 71> (0x00000000ec2df888) thrown at [C:\re\workspace\8-2-build-windows-amd64-cygwin\jdk8u111\7883\hotspot\src\share\vm\interpreter\interpreterRuntime.cpp, line 366]
Event: 1.529 Thread 0x0000000002740800 Exception <a 'java/lang/ArrayIndexOutOfBoundsException': 18> (0x00000000ec2e0600) thrown at [C:\re\workspace\8-2-build-windows-amd64-cygwin\jdk8u111\7883\hotspot\src\share\vm\interpreter\interpreterRuntime.cpp, line 366]
Event: 1.530 Thread 0x0000000002740800 Exception <a 'java/lang/ArrayIndexOutOfBoundsException': 60> (0x00000000ec2e15b8) thrown at [C:\re\workspace\8-2-build-windows-amd64-cygwin\jdk8u111\7883\hotspot\src\share\vm\interpreter\interpreterRuntime.cpp, line 366]
Event: 1.606 Thread 0x00000000170b8000 Exception <a 'java/io/FileNotFoundException'> (0x00000000ec522db8) thrown at [C:\re\workspace\8-2-build-windows-amd64-cygwin\jdk8u111\7883\hotspot\src\share\vm\prims\jni.cpp, line 709]
Event: 1.610 Thread 0x00000000170b8000 Exception <a 'java/io/FileNotFoundException'> (0x00000000ec538f90) thrown at [C:\re\workspace\8-2-build-windows-amd64-cygwin\jdk8u111\7883\hotspot\src\share\vm\prims\jni.cpp, line 709]
Event: 1.610 Thread 0x00000000170b7000 Exception <a 'java/io/FileNotFoundException'> (0x00000000ec5486a8) thrown at [C:\re\workspace\8-2-build-windows-amd64-cygwin\jdk8u111\7883\hotspot\src\share\vm\prims\jni.cpp, line 709]
Event: 1.613 Thread 0x00000000170b7000 Exception <a 'java/io/FileNotFoundException'> (0x00000000ec578fd0) thrown at [C:\re\workspace\8-2-build-windows-amd64-cygwin\jdk8u111\7883\hotspot\src\share\vm\prims\jni.cpp, line 709]

Events (10 events):
Event: 1.617 loading class java/util/TooManyListenersException
Event: 1.617 loading class java/util/TooManyListenersException done
Event: 1.617 loading class gnu/io/RXTXPort$SerialOutputStream
Event: 1.617 loading class gnu/io/RXTXPort$SerialOutputStream done
Event: 1.618 loading class gnu/io/RXTXPort$SerialInputStream
Event: 1.618 loading class gnu/io/RXTXPort$SerialInputStream done
Event: 1.618 loading class gnu/io/Zystem
Event: 1.618 loading class gnu/io/Zystem done
Event: 1.619 loading class gnu/io/UnSupportedLoggerException
Event: 1.619 loading class gnu/io/UnSupportedLoggerException done


Dynamic libraries:
0x00007ff7c90f0000 - 0x00007ff7c9127000 	C:\Program Files\Java\jre1.8.0_111\bin\javaw.exe
0x00007ffaef570000 - 0x00007ffaef71d000 	C:\WINDOWS\SYSTEM32\ntdll.dll
0x00007ffaed9f0000 - 0x00007ffaedb2e000 	C:\WINDOWS\system32\KERNEL32.DLL
0x00007ffaec9f0000 - 0x00007ffaecb05000 	C:\WINDOWS\system32\KERNELBASE.dll
0x00007ffaeb220000 - 0x00007ffaeb2ae000 	C:\WINDOWS\system32\apphelp.dll
0x00007ffad62f0000 - 0x00007ffad6343000 	C:\WINDOWS\AppPatch\AppPatch64\AcGenral.DLL
0x00007ffaedbe0000 - 0x00007ffaedc8a000 	C:\WINDOWS\system32\msvcrt.dll
0x00007ffaecb10000 - 0x00007ffaecb3e000 	C:\WINDOWS\system32\SspiCli.dll
0x00007ffaed7a0000 - 0x00007ffaed7f4000 	C:\WINDOWS\system32\SHLWAPI.dll
0x00007ffaed2a0000 - 0x00007ffaed417000 	C:\WINDOWS\system32\USER32.dll
0x00007ffaed100000 - 0x00007ffaed294000 	C:\WINDOWS\system32\ole32.dll
0x00007ffaede90000 - 0x00007ffaef3b8000 	C:\WINDOWS\system32\SHELL32.dll
0x00007ffaebc20000 - 0x00007ffaebc41000 	C:\WINDOWS\SYSTEM32\USERENV.dll
0x00007ffaedb30000 - 0x00007ffaedbda000 	C:\WINDOWS\system32\ADVAPI32.dll
0x00007ffae39d0000 - 0x00007ffae39ee000 	C:\WINDOWS\SYSTEM32\MPR.dll
0x00007ffaecbf0000 - 0x00007ffaecd30000 	C:\WINDOWS\system32\RPCRT4.dll
0x00007ffaef3c0000 - 0x00007ffaef419000 	C:\WINDOWS\SYSTEM32\sechost.dll
0x00007ffaed570000 - 0x00007ffaed781000 	C:\WINDOWS\SYSTEM32\combase.dll
0x00007ffaef420000 - 0x00007ffaef56f000 	C:\WINDOWS\system32\GDI32.dll
0x00007ffaec690000 - 0x00007ffaec6a5000 	C:\WINDOWS\SYSTEM32\profapi.dll
0x00007ffaeaa40000 - 0x00007ffaeaaf2000 	C:\WINDOWS\SYSTEM32\SHCORE.dll
0x00007ffaecef0000 - 0x00007ffaecf26000 	C:\WINDOWS\system32\IMM32.DLL
0x00007ffaecf30000 - 0x00007ffaed082000 	C:\WINDOWS\system32\MSCTF.dll
0x00007ffaec650000 - 0x00007ffaec680000 	C:\Windows\system32\nvinitx.dll
0x00007ffaec640000 - 0x00007ffaec64a000 	C:\WINDOWS\SYSTEM32\VERSION.dll
0x000000006dce0000 - 0x000000006dce6000 	C:\Program Files\NVIDIA Corporation\CoProcManager\_etoured.dll
0x00007ffaea110000 - 0x00007ffaea148000 	C:\Program Files\NVIDIA Corporation\CoProcManager\nvd3d9wrapx.dll
0x00007ffaedcb0000 - 0x00007ffaede8a000 	C:\WINDOWS\system32\SETUPAPI.dll
0x00007ffaec7c0000 - 0x00007ffaec80f000 	C:\WINDOWS\system32\CFGMGR32.dll
0x00007ffae9790000 - 0x00007ffae97b4000 	C:\Program Files\NVIDIA Corporation\CoProcManager\nvdxgiwrapx.dll
0x00007ffaea2a0000 - 0x00007ffaea51b000 	C:\WINDOWS\WinSxS\amd64_microsoft.windows.common-controls_6595b64144ccf1df_6.0.9600.18006_none_623f33d3ecbe86e8\COMCTL32.dll
0x00000000697a0000 - 0x0000000069872000 	C:\Program Files\Java\jre1.8.0_111\bin\msvcr100.dll
0x0000000069940000 - 0x000000006a1da000 	C:\Program Files\Java\jre1.8.0_111\bin\server\jvm.dll
0x00007ffacf640000 - 0x00007ffacf649000 	C:\WINDOWS\SYSTEM32\WSOCK32.dll
0x00007ffae2330000 - 0x00007ffae2352000 	C:\WINDOWS\SYSTEM32\WINMM.dll
0x00007ffaed790000 - 0x00007ffaed797000 	C:\WINDOWS\system32\PSAPI.DLL
0x00007ffaed810000 - 0x00007ffaed86a000 	C:\WINDOWS\system32\WS2_32.dll
0x00007ffae21c0000 - 0x00007ffae21ea000 	C:\WINDOWS\SYSTEM32\WINMMBASE.dll
0x00007ffaed800000 - 0x00007ffaed809000 	C:\WINDOWS\system32\NSI.dll
0x00007ffaeb480000 - 0x00007ffaeb4a8000 	C:\WINDOWS\SYSTEM32\DEVOBJ.dll
0x000000006b980000 - 0x000000006b98f000 	C:\Program Files\Java\jre1.8.0_111\bin\verify.dll
0x0000000069910000 - 0x0000000069939000 	C:\Program Files\Java\jre1.8.0_111\bin\java.dll
0x00000000698f0000 - 0x0000000069906000 	C:\Program Files\Java\jre1.8.0_111\bin\zip.dll
0x0000000069600000 - 0x0000000069798000 	C:\Program Files\Java\jre1.8.0_111\bin\awt.dll
0x00007ffaed4a0000 - 0x00007ffaed566000 	C:\WINDOWS\system32\OLEAUT32.dll
0x00007ffaeb2e0000 - 0x00007ffaeb409000 	C:\WINDOWS\system32\uxtheme.dll
0x00007ffaea610000 - 0x00007ffaea631000 	C:\WINDOWS\system32\dwmapi.dll
0x00007ffaeb470000 - 0x00007ffaeb47b000 	C:\WINDOWS\SYSTEM32\kernel.appcore.dll
0x00007ffaec590000 - 0x00007ffaec59b000 	C:\WINDOWS\SYSTEM32\CRYPTBASE.dll
0x00007ffaec520000 - 0x00007ffaec583000 	C:\WINDOWS\SYSTEM32\bcryptPrimitives.dll
0x00007ffab73f0000 - 0x00007ffab761f000 	C:\Program Files\Acer\Acer Power Management\SysHook.dll
0x00007ffae82d0000 - 0x00007ffae82d7000 	C:\WINDOWS\SYSTEM32\MSIMG32.dll
0x00007ffaed930000 - 0x00007ffaed9e6000 	C:\WINDOWS\system32\COMDLG32.dll
0x00007ffae21f0000 - 0x00007ffae2272000 	C:\WINDOWS\SYSTEM32\WINSPOOL.DRV
0x00007ffae4d30000 - 0x00007ffae4ee1000 	C:\WINDOWS\WinSxS\amd64_microsoft.windows.gdiplus_6595b64144ccf1df_1.1.9600.18470_none_9331b0df474a1995\gdiplus.dll
0x00007ffae8320000 - 0x00007ffae838a000 	C:\WINDOWS\SYSTEM32\OLEACC.dll
0x00007ffaebef0000 - 0x00007ffaebf10000 	C:\WINDOWS\SYSTEM32\CRYPTSP.dll
0x00007ffaebb10000 - 0x00007ffaebb46000 	C:\WINDOWS\system32\rsaenh.dll
0x00007ffaec210000 - 0x00007ffaec236000 	C:\WINDOWS\SYSTEM32\bcrypt.dll
0x00000000698d0000 - 0x00000000698ea000 	C:\Program Files\Java\jre1.8.0_111\bin\net.dll
0x00007ffaebe90000 - 0x00007ffaebee9000 	C:\WINDOWS\system32\mswsock.dll
0x00007ffae8fb0000 - 0x00007ffae8fda000 	C:\WINDOWS\SYSTEM32\IPHLPAPI.DLL
0x00007ffae8f90000 - 0x00007ffae8f9a000 	C:\WINDOWS\SYSTEM32\WINNSI.DLL
0x00007ffae7340000 - 0x00007ffae7356000 	C:\WINDOWS\SYSTEM32\dhcpcsvc6.DLL
0x00007ffae73c0000 - 0x00007ffae73da000 	C:\WINDOWS\SYSTEM32\dhcpcsvc.DLL
0x00000000698b0000 - 0x00000000698c1000 	C:\Program Files\Java\jre1.8.0_111\bin\nio.dll
0x00000000695b0000 - 0x00000000695f7000 	C:\Program Files\Java\jre1.8.0_111\bin\fontmanager.dll
0x00007ffaed870000 - 0x00007ffaed926000 	C:\WINDOWS\SYSTEM32\clbcatq.dll
0x00007ffae95e0000 - 0x00007ffae978e000 	C:\WINDOWS\SYSTEM32\WindowsCodecs.dll
0x0000000069560000 - 0x00000000695a2000 	C:\Program Files\Java\jre1.8.0_111\bin\t2k.dll
0x0000000180000000 - 0x0000000180025000 	C:\Program Files\Java\jre1.8.0_111\bin\rxtxSerial.dll
0x0000000069550000 - 0x000000006955d000 	C:\Program Files\Java\jre1.8.0_111\bin\management.dll
0x00007ffadee10000 - 0x00007ffadee25000 	C:\WINDOWS\system32\napinsp.dll
0x00007ffadedf0000 - 0x00007ffadee0a000 	C:\WINDOWS\system32\pnrpnsp.dll
0x00007ffae9fe0000 - 0x00007ffae9ffb000 	C:\WINDOWS\system32\NLAapi.dll
0x00007ffaebc90000 - 0x00007ffaebd34000 	C:\WINDOWS\SYSTEM32\DNSAPI.dll
0x00007ffadede0000 - 0x00007ffadeded000 	C:\WINDOWS\System32\winrnr.dll
0x00007ffadedc0000 - 0x00007ffadedd4000 	C:\WINDOWS\system32\wshbth.dll
0x00007ffadedb0000 - 0x00007ffadedba000 	C:\Windows\System32\rasadhlp.dll
0x00007ffae7e80000 - 0x00007ffae7eeb000 	C:\WINDOWS\System32\fwpuclnt.dll
0x00007ffad3fb0000 - 0x00007ffad4139000 	C:\WINDOWS\SYSTEM32\dbghelp.dll

VM Arguments:
jvm_args: -Dfile.encoding=Cp1252 
java_command: SMS_Messenger.MainWindow
java_class_path (initial): C:\Users\Aspire V5\Documents\workspace\SMS_Mesenger\bin
Launcher Type: SUN_STANDARD

Environment Variables:
JAVA_HOME=C:\Program Files\Java\jdk1.8.0_102
PATH=C:/Program Files/Java/jre1.8.0_111/bin/server;C:/Program Files/Java/jre1.8.0_111/bin;C:/Program Files/Java/jre1.8.0_111/lib/amd64;%jJAVA_HOME%;C:\ProgramData\Oracle\Java\javapath;C:\Program Files (x86)\Intel\iCLS Client\;C:\Program Files\Intel\iCLS Client\;C:\WINDOWS\system32;C:\WINDOWS;C:\WINDOWS\System32\Wbem;C:\WINDOWS\System32\WindowsPowerShell\v1.0\;C:\Program Files (x86)\Intel\OpenCL SDK\2.0\bin\x86;C:\Program Files (x86)\Intel\OpenCL SDK\2.0\bin\x64;C:\Program Files\Intel\Intel(R) Management Engine Components\DAL;C:\Program Files\Intel\Intel(R) Management Engine Components\IPT;C:\Program Files (x86)\Intel\Intel(R) Management Engine Components\DAL;C:\Program Files (x86)\Intel\Intel(R) Management Engine Components\IPT;C:\Program Files (x86)\EgisTec MyWinLocker\x64;C:\Program Files (x86)\EgisTec MyWinLocker\;C:\Program Files (x86)\NVIDIA Corporation\PhysX\Common;C:\Program Files\Java\jdk1.8.0_102\bin;C:\Apache_Ant\apache-ant-1.9.7\bin;C:\Program Files\MiKTeX 2.9\miktex\bin\x64\;C:\Users\Aspire V5\Downloads\eclipse-java-luna-SR1a-win32-x86_64\eclipse;
USERNAME=Aspire V5
OS=Windows_NT
PROCESSOR_IDENTIFIER=Intel64 Family 6 Model 58 Stepping 9, GenuineIntel



---------------  S Y S T E M  ---------------

OS: Windows 8.1 , 64 bit Build 9600 (6.3.9600.17415)

CPU:total 4 (2 cores per cpu, 2 threads per core) family 6 model 58 stepping 9, cmov, cx8, fxsr, mmx, sse, sse2, sse3, ssse3, sse4.1, sse4.2, popcnt, avx, clmul, erms, ht, tsc, tscinvbit, tscinv

Memory: 4k page, physical 3984996k(1458660k free), swap 6999652k(3392764k free)

vm_info: Java HotSpot(TM) 64-Bit Server VM (25.111-b14) for windows-amd64 JRE (1.8.0_111-b14), built on Sep 22 2016 19:24:05 by "java_re" with MS VC++ 10.0 (VS2010)

time: Tue Nov 22 23:44:41 2016
elapsed time: 1 seconds (0d 0h 0m 1s)

