#
# A fatal error has been detected by the Java Runtime Environment:
#
#  EXCEPTION_ACCESS_VIOLATION (0xc0000005) at pc=0x0000000180008790, pid=7432, tid=0x0000000000001eb0
#
# JRE version: Java(TM) SE Runtime Environment (8.0_111-b14) (build 1.8.0_111-b14)
# Java VM: Java HotSpot(TM) 64-Bit Server VM (25.111-b14 mixed mode windows-amd64 compressed oops)
# Problematic frame:
# C  [rxtxSerial.dll+0x8790]
#
# Failed to write core dump. Minidumps are not enabled by default on client versions of Windows
#
# If you would like to submit a bug report, please visit:
#   http://bugreport.java.com/bugreport/crash.jsp
# The crash happened outside the Java Virtual Machine in native code.
# See problematic frame for where to report the bug.
#

---------------  T H R E A D  ---------------

Current thread (0x00000000170a2000):  JavaThread "Thread-8" [_thread_in_native, id=7856, stack(0x0000000019510000,0x0000000019610000)]

siginfo: ExceptionCode=0xc0000005, reading address 0x00000000000000f8

Registers:
RAX=0x0000000000000002, RBX=0x0000000018e06ae0, RCX=0x0000000000000001, RDX=0x0000000000000000
RSP=0x000000001960e280, RBP=0x000000001960e4f8, RSI=0x000000001706e869, RDI=0x0000000000000000
R8 =0x0000000000000000, R9 =0x0000000000000000, R10=0x00007ff929bd57d0, R11=0x0000000000000002
R12=0x000000001960e500, R13=0x0000000018655150, R14=0x000000001960e500, R15=0x00000000170a2000
RIP=0x0000000180008790, EFLAGS=0x0000000000010202

Top of Stack: (sp=0x000000001960e280)
0x000000001960e280:   0000000018e06ae0 000000001706e860
0x000000001960e290:   00000000170a2000 0000000000000009
0x000000001960e2a0:   000000001706e860 000000018000aab4
0x000000001960e2b0:   00000000170a21f8 0000000000000106
0x000000001960e2c0:   0000000018655150 000000001960e500
0x000000001960e2d0:   00000000170b8420 000000001706e860
0x000000001960e2e0:   000000001960e4f8 000000018000b7fe
0x000000001960e2f0:   0000000000000008 0000000018655150
0x000000001960e300:   00000000170a21f8 0000000000000000
0x000000001960e310:   00000000170a2000 0000000000000000
0x000000001960e320:   00004949a73a69d0 000000007fffffdc
0x000000001960e330:   000000001960e3c0 0000000000000042
0x000000001960e340:   00000000170a21f8 0000000000000000
0x000000001960e350:   000000001706e860 000000018000213d
0x000000001960e360:   000000001960e4f8 000000018001c0b0
0x000000001960e370:   0000000000000000 0000000180000000 

Instructions: (pc=0x0000000180008790)
0x0000000180008770:   89 83 00 01 00 00 48 89 1d 73 6f 01 00 48 8b c3
0x0000000180008780:   48 8b 5c 24 30 48 8b 74 24 38 48 83 c4 20 5f c3
0x0000000180008790:   39 87 f8 00 00 00 7d 20 0f 1f 84 00 00 00 00 00
0x00000001800087a0:   48 8b 87 00 01 00 00 48 85 c0 74 0c 44 39 98 f8 


Register to memory mapping:

RAX=0x0000000000000002 is an unknown value
RBX=0x0000000018e06ae0 is an unknown value
RCX=0x0000000000000001 is an unknown value
RDX=0x0000000000000000 is an unknown value
RSP=0x000000001960e280 is pointing into the stack for thread: 0x00000000170a2000
RBP=0x000000001960e4f8 is pointing into the stack for thread: 0x00000000170a2000
RSI=0x000000001706e869 is an unknown value
RDI=0x0000000000000000 is an unknown value
R8 =0x0000000000000000 is an unknown value
R9 =0x0000000000000000 is an unknown value
R10=0x00007ff929bd57d0 is an unknown value
R11=0x0000000000000002 is an unknown value
R12=0x000000001960e500 is pointing into the stack for thread: 0x00000000170a2000
R13=0x0000000018655150 is pointing into metadata
R14=0x000000001960e500 is pointing into the stack for thread: 0x00000000170a2000
R15=0x00000000170a2000 is a thread


Stack: [0x0000000019510000,0x0000000019610000],  sp=0x000000001960e280,  free space=1016k
Native frames: (J=compiled Java code, j=interpreted, Vv=VM code, C=native code)
C  [rxtxSerial.dll+0x8790]
C  [rxtxSerial.dll+0xaab4]
C  [rxtxSerial.dll+0x213d]
C  0x0000000002878a77

Java frames: (J=compiled Java code, j=interpreted, Vv=VM code)
j  gnu.io.RXTXPort.open(Ljava/lang/String;)I+0
j  gnu.io.RXTXPort.<init>(Ljava/lang/String;)V+125
j  gnu.io.RXTXCommDriver.getCommPort(Ljava/lang/String;I)Lgnu/io/CommPort;+78
j  gnu.io.CommPortIdentifier.open(Ljava/lang/String;I)Lgnu/io/CommPort;+171
v  ~StubRoutines::call_stub
j  sun.reflect.NativeMethodAccessorImpl.invoke0(Ljava/lang/reflect/Method;Ljava/lang/Object;[Ljava/lang/Object;)Ljava/lang/Object;+0
j  sun.reflect.NativeMethodAccessorImpl.invoke(Ljava/lang/Object;[Ljava/lang/Object;)Ljava/lang/Object;+100
j  sun.reflect.DelegatingMethodAccessorImpl.invoke(Ljava/lang/Object;[Ljava/lang/Object;)Ljava/lang/Object;+6
j  java.lang.reflect.Method.invoke(Ljava/lang/Object;[Ljava/lang/Object;)Ljava/lang/Object;+56
j  org.smslib.helper.CommPortIdentifier.open(Ljava/lang/String;I)Lorg/smslib/helper/SerialPort;+53
j  org.smslib.modem.SerialModemDriver.connectPort()V+129
j  org.smslib.modem.AModemDriver.connect()V+8
j  org.smslib.modem.ModemGateway.startGateway()V+45
j  org.smslib.Service$1Starter.run()V+4
v  ~StubRoutines::call_stub

---------------  P R O C E S S  ---------------

Java Threads: ( => current thread )
  0x0000000017143800 JavaThread "SMSlib-ModemReader-COM3modem" daemon [_thread_blocked, id=6184, stack(0x0000000019810000,0x0000000019910000)]
  0x0000000017142000 JavaThread "CNMIEmulatorProcessor [COM3modem]" [_thread_blocked, id=8044, stack(0x0000000019710000,0x0000000019810000)]
  0x0000000017143000 JavaThread "KeepAlive [COM3modem]" [_thread_blocked, id=7640, stack(0x0000000019610000,0x0000000019710000)]
  0x00000000170c0000 JavaThread "Thread-9" [_thread_in_native, id=5404, stack(0x000000001a110000,0x000000001a210000)]
=>0x00000000170a2000 JavaThread "Thread-8" [_thread_in_native, id=7856, stack(0x0000000019510000,0x0000000019610000)]
  0x00000000170a1800 JavaThread "Thread-7" [_thread_in_vm, id=8176, stack(0x0000000019410000,0x0000000019510000)]
  0x000000001709e800 JavaThread "WatchDog" [_thread_blocked, id=7840, stack(0x0000000019310000,0x0000000019410000)]
  0x000000001709e000 JavaThread "DelayQueueManager" [_thread_blocked, id=7528, stack(0x0000000019210000,0x0000000019310000)]
  0x000000001709d000 JavaThread "NotifyQueueManager" [_thread_blocked, id=7320, stack(0x0000000018ce0000,0x0000000018de0000)]
  0x0000000016dcb000 JavaThread "AWT-EventQueue-0" [_thread_blocked, id=6500, stack(0x00000000183f0000,0x00000000184f0000)]
  0x0000000016d21800 JavaThread "Image Fetcher 3" daemon [_thread_blocked, id=7544, stack(0x0000000017e10000,0x0000000017f10000)]
  0x0000000016cfe000 JavaThread "AWT-Windows" daemon [_thread_in_native, id=6624, stack(0x0000000017690000,0x0000000017790000)]
  0x0000000016cfb800 JavaThread "AWT-Shutdown" [_thread_blocked, id=4840, stack(0x0000000017590000,0x0000000017690000)]
  0x0000000016cf9800 JavaThread "Java2D Disposer" daemon [_thread_blocked, id=8024, stack(0x0000000017490000,0x0000000017590000)]
  0x00000000166b8800 JavaThread "Service Thread" daemon [_thread_blocked, id=4268, stack(0x0000000016a90000,0x0000000016b90000)]
  0x0000000014d66800 JavaThread "C1 CompilerThread2" daemon [_thread_blocked, id=7508, stack(0x0000000016590000,0x0000000016690000)]
  0x0000000014d60000 JavaThread "C2 CompilerThread1" daemon [_thread_blocked, id=7952, stack(0x0000000016490000,0x0000000016590000)]
  0x0000000014d5d000 JavaThread "C2 CompilerThread0" daemon [_thread_blocked, id=6960, stack(0x0000000016390000,0x0000000016490000)]
  0x0000000014d5b800 JavaThread "Attach Listener" daemon [_thread_blocked, id=2100, stack(0x0000000016290000,0x0000000016390000)]
  0x0000000014d5a800 JavaThread "Signal Dispatcher" daemon [_thread_blocked, id=8056, stack(0x0000000016190000,0x0000000016290000)]
  0x0000000014d4a800 JavaThread "Finalizer" daemon [_thread_blocked, id=6240, stack(0x0000000015fb0000,0x00000000160b0000)]
  0x0000000014d29000 JavaThread "Reference Handler" daemon [_thread_blocked, id=7800, stack(0x0000000015eb0000,0x0000000015fb0000)]
  0x0000000002760800 JavaThread "main" [_thread_blocked, id=6216, stack(0x00000000025a0000,0x00000000026a0000)]

Other Threads:
  0x0000000014d27000 VMThread [stack: 0x0000000015db0000,0x0000000015eb0000] [id=7720]
  0x00000000166d8000 WatcherThread [stack: 0x0000000016b90000,0x0000000016c90000] [id=7512]

VM state:not at safepoint (normal execution)

VM Mutex/Monitor currently owned by a thread: None

Heap:
 PSYoungGen      total 18432K, used 13026K [0x00000000ebb80000, 0x00000000ed000000, 0x0000000100000000)
  eden space 15872K, 66% used [0x00000000ebb80000,0x00000000ec5bf038,0x00000000ecb00000)
  from space 2560K, 99% used [0x00000000ecb00000,0x00000000ecd79b38,0x00000000ecd80000)
  to   space 2560K, 0% used [0x00000000ecd80000,0x00000000ecd80000,0x00000000ed000000)
 ParOldGen       total 42496K, used 2175K [0x00000000c3200000, 0x00000000c5b80000, 0x00000000ebb80000)
  object space 42496K, 5% used [0x00000000c3200000,0x00000000c341ff20,0x00000000c5b80000)
 Metaspace       used 17531K, capacity 17734K, committed 18048K, reserved 1064960K
  class space    used 2279K, capacity 2366K, committed 2432K, reserved 1048576K

Card table byte_map: [0x0000000011c20000,0x0000000011e10000] byte_map_base: 0x0000000011607000

Marking Bits: (ParMarkBitMap*) 0x00000000751ea6c0
 Begin Bits: [0x0000000012360000, 0x0000000013298000)
 End Bits:   [0x0000000013298000, 0x00000000141d0000)

Polling page: 0x0000000000910000

CodeCache: size=245760Kb used=3983Kb max_used=3993Kb free=241777Kb
 bounds [0x0000000002860000, 0x0000000002c50000, 0x0000000011860000]
 total_blobs=1740 nmethods=1183 adapters=470
 compilation: enabled

Compilation events (10 events):
Event: 1.583 Thread 0x0000000014d66800 1168   !   3       java.net.URLClassLoader$1::run (63 bytes)
Event: 1.584 Thread 0x0000000014d66800 nmethod 1168 0x0000000002c3e8d0 code [0x0000000002c3eaa0, 0x0000000002c3efa8]
Event: 1.589 Thread 0x0000000014d66800 1169       3       java.lang.ClassLoader::checkPackageAccess (122 bytes)
Event: 1.590 Thread 0x0000000014d66800 nmethod 1169 0x0000000002c3d510 code [0x0000000002c3d740, 0x0000000002c3e328]
Event: 1.592 Thread 0x0000000014d60000 1170       4       java.lang.String::substring (56 bytes)
Event: 1.595 Thread 0x0000000014d66800 1171       3       java.lang.reflect.AccessibleObject::<init> (5 bytes)
Event: 1.595 Thread 0x0000000014d66800 nmethod 1171 0x0000000002c3d150 code [0x0000000002c3d2a0, 0x0000000002c3d450]
Event: 1.596 Thread 0x0000000014d66800 1172   !   3       java.util.zip.Inflater::reset (69 bytes)
Event: 1.597 Thread 0x0000000014d66800 nmethod 1172 0x0000000002c3c9d0 code [0x0000000002c3cb60, 0x0000000002c3cf98]
Event: 1.598 Thread 0x0000000014d60000 nmethod 1170 0x0000000002c3c190 code [0x0000000002c3c300, 0x0000000002c3c6d8]

GC Heap History (2 events):
Event: 1.228 GC heap before
{Heap before GC invocations=1 (full 0):
 PSYoungGen      total 18432K, used 15872K [0x00000000ebb80000, 0x00000000ed000000, 0x0000000100000000)
  eden space 15872K, 100% used [0x00000000ebb80000,0x00000000ecb00000,0x00000000ecb00000)
  from space 2560K, 0% used [0x00000000ecd80000,0x00000000ecd80000,0x00000000ed000000)
  to   space 2560K, 0% used [0x00000000ecb00000,0x00000000ecb00000,0x00000000ecd80000)
 ParOldGen       total 42496K, used 0K [0x00000000c3200000, 0x00000000c5b80000, 0x00000000ebb80000)
  object space 42496K, 0% used [0x00000000c3200000,0x00000000c3200000,0x00000000c5b80000)
 Metaspace       used 14405K, capacity 14650K, committed 14720K, reserved 1062912K
  class space    used 1826K, capacity 1916K, committed 1920K, reserved 1048576K
Event: 1.237 GC heap after
Heap after GC invocations=1 (full 0):
 PSYoungGen      total 18432K, used 2534K [0x00000000ebb80000, 0x00000000ed000000, 0x0000000100000000)
  eden space 15872K, 0% used [0x00000000ebb80000,0x00000000ebb80000,0x00000000ecb00000)
  from space 2560K, 99% used [0x00000000ecb00000,0x00000000ecd79b38,0x00000000ecd80000)
  to   space 2560K, 0% used [0x00000000ecd80000,0x00000000ecd80000,0x00000000ed000000)
 ParOldGen       total 42496K, used 2175K [0x00000000c3200000, 0x00000000c5b80000, 0x00000000ebb80000)
  object space 42496K, 5% used [0x00000000c3200000,0x00000000c341ff20,0x00000000c5b80000)
 Metaspace       used 14405K, capacity 14650K, committed 14720K, reserved 1062912K
  class space    used 1826K, capacity 1916K, committed 1920K, reserved 1048576K
}

Deoptimization events (10 events):
Event: 1.378 Thread 0x0000000002760800 Uncommon trap: reason=unstable_if action=reinterpret pc=0x0000000002a854b8 method=java.util.HashMap.getNode(ILjava/lang/Object;)Ljava/util/HashMap$Node; @ 62
Event: 1.379 Thread 0x0000000002760800 Uncommon trap: reason=unstable_if action=reinterpret pc=0x0000000002a50324 method=java.util.HashMap.getNode(ILjava/lang/Object;)Ljava/util/HashMap$Node; @ 62
Event: 1.452 Thread 0x0000000002760800 Uncommon trap: reason=unstable_if action=reinterpret pc=0x0000000002bb93c0 method=sun.misc.MetaIndex.mayContain(Ljava/lang/String;)Z @ 38
Event: 1.472 Thread 0x0000000002760800 Uncommon trap: reason=unstable_if action=reinterpret pc=0x0000000002bfca6c method=sun.misc.MetaIndex.mayContain(Ljava/lang/String;)Z @ 38
Event: 1.497 Thread 0x0000000002760800 Uncommon trap: reason=predicate action=maybe_recompile pc=0x0000000002b1ce30 method=java.util.Arrays.binarySearch0([Ljava/lang/Object;IILjava/lang/Object;Ljava/util/Comparator;)I @ 28
Event: 1.510 Thread 0x0000000002760800 Uncommon trap: reason=range_check action=make_not_entrant pc=0x0000000002ba5fe0 method=sun.reflect.generics.parser.SignatureParser.current()C @ 34
Event: 1.518 Thread 0x0000000002760800 Uncommon trap: reason=class_check action=maybe_recompile pc=0x0000000002b8e6ac method=java.util.HashMap.putVal(ILjava/lang/Object;Ljava/lang/Object;ZZ)Ljava/lang/Object; @ 203
Event: 1.518 Thread 0x0000000002760800 Uncommon trap: reason=class_check action=maybe_recompile pc=0x0000000002b8e6ac method=java.util.HashMap.putVal(ILjava/lang/Object;Ljava/lang/Object;ZZ)Ljava/lang/Object; @ 203
Event: 1.528 Thread 0x0000000002760800 Uncommon trap: reason=class_check action=maybe_recompile pc=0x0000000002b8e6ac method=java.util.HashMap.putVal(ILjava/lang/Object;Ljava/lang/Object;ZZ)Ljava/lang/Object; @ 203
Event: 1.559 Thread 0x0000000002760800 Uncommon trap: reason=class_check action=maybe_recompile pc=0x0000000002b8e6ac method=java.util.HashMap.putVal(ILjava/lang/Object;Ljava/lang/Object;ZZ)Ljava/lang/Object; @ 203

Internal exceptions (10 events):
Event: 1.075 Thread 0x0000000002760800 Exception <a 'java/io/FileNotFoundException'> (0x00000000ec6900c8) thrown at [C:\re\workspace\8-2-build-windows-amd64-cygwin\jdk8u111\7883\hotspot\src\share\vm\prims\jni.cpp, line 709]
Event: 1.077 Thread 0x0000000002760800 Exception <a 'java/io/FileNotFoundException'> (0x00000000ec6a2b58) thrown at [C:\re\workspace\8-2-build-windows-amd64-cygwin\jdk8u111\7883\hotspot\src\share\vm\prims\jni.cpp, line 709]
Event: 1.082 Thread 0x0000000002760800 Exception <a 'java/io/FileNotFoundException'> (0x00000000ec6b8d30) thrown at [C:\re\workspace\8-2-build-windows-amd64-cygwin\jdk8u111\7883\hotspot\src\share\vm\prims\jni.cpp, line 709]
Event: 1.510 Thread 0x0000000002760800 Exception <a 'java/lang/ArrayIndexOutOfBoundsException': 71> (0x00000000ec2eafe0) thrown at [C:\re\workspace\8-2-build-windows-amd64-cygwin\jdk8u111\7883\hotspot\src\share\vm\interpreter\interpreterRuntime.cpp, line 366]
Event: 1.511 Thread 0x0000000002760800 Exception <a 'java/lang/ArrayIndexOutOfBoundsException': 18> (0x00000000ec2ebd58) thrown at [C:\re\workspace\8-2-build-windows-amd64-cygwin\jdk8u111\7883\hotspot\src\share\vm\interpreter\interpreterRuntime.cpp, line 366]
Event: 1.512 Thread 0x0000000002760800 Exception <a 'java/lang/ArrayIndexOutOfBoundsException': 60> (0x00000000ec2ecd10) thrown at [C:\re\workspace\8-2-build-windows-amd64-cygwin\jdk8u111\7883\hotspot\src\share\vm\interpreter\interpreterRuntime.cpp, line 366]
Event: 1.585 Thread 0x00000000170a2000 Exception <a 'java/io/FileNotFoundException'> (0x00000000ec4d7c50) thrown at [C:\re\workspace\8-2-build-windows-amd64-cygwin\jdk8u111\7883\hotspot\src\share\vm\prims\jni.cpp, line 709]
Event: 1.589 Thread 0x00000000170a2000 Exception <a 'java/io/FileNotFoundException'> (0x00000000ec4ede48) thrown at [C:\re\workspace\8-2-build-windows-amd64-cygwin\jdk8u111\7883\hotspot\src\share\vm\prims\jni.cpp, line 709]
Event: 1.589 Thread 0x00000000170a1800 Exception <a 'java/io/FileNotFoundException'> (0x00000000ec4be200) thrown at [C:\re\workspace\8-2-build-windows-amd64-cygwin\jdk8u111\7883\hotspot\src\share\vm\prims\jni.cpp, line 709]
Event: 1.593 Thread 0x00000000170a1800 Exception <a 'java/io/FileNotFoundException'> (0x00000000ec5092d0) thrown at [C:\re\workspace\8-2-build-windows-amd64-cygwin\jdk8u111\7883\hotspot\src\share\vm\prims\jni.cpp, line 709]

Events (10 events):
Event: 1.595 loading class java/util/TooManyListenersException
Event: 1.595 loading class java/util/TooManyListenersException done
Event: 1.596 loading class gnu/io/RXTXPort$SerialOutputStream
Event: 1.596 loading class gnu/io/RXTXPort$SerialOutputStream done
Event: 1.596 loading class gnu/io/RXTXPort$SerialInputStream
Event: 1.596 loading class gnu/io/RXTXPort$SerialInputStream done
Event: 1.597 loading class gnu/io/Zystem
Event: 1.597 loading class gnu/io/Zystem done
Event: 1.597 loading class gnu/io/UnSupportedLoggerException
Event: 1.597 loading class gnu/io/UnSupportedLoggerException done


Dynamic libraries:
0x00007ff73e630000 - 0x00007ff73e667000 	C:\Program Files\Java\jre1.8.0_111\bin\javaw.exe
0x00007ff929bd0000 - 0x00007ff929d7d000 	C:\WINDOWS\SYSTEM32\ntdll.dll
0x00007ff927a60000 - 0x00007ff927b9e000 	C:\WINDOWS\system32\KERNEL32.DLL
0x00007ff926e40000 - 0x00007ff926f55000 	C:\WINDOWS\system32\KERNELBASE.dll
0x00007ff925880000 - 0x00007ff92590e000 	C:\WINDOWS\system32\apphelp.dll
0x00007ff90b7a0000 - 0x00007ff90b7f3000 	C:\WINDOWS\AppPatch\AppPatch64\AcGenral.DLL
0x00007ff9275b0000 - 0x00007ff92765a000 	C:\WINDOWS\system32\msvcrt.dll
0x00007ff926dc0000 - 0x00007ff926dee000 	C:\WINDOWS\system32\SspiCli.dll
0x00007ff927bb0000 - 0x00007ff927c04000 	C:\WINDOWS\system32\SHLWAPI.dll
0x00007ff927fc0000 - 0x00007ff928137000 	C:\WINDOWS\system32\USER32.dll
0x00007ff929a20000 - 0x00007ff929bb4000 	C:\WINDOWS\system32\ole32.dll
0x00007ff9284f0000 - 0x00007ff929a18000 	C:\WINDOWS\system32\SHELL32.dll
0x00007ff926280000 - 0x00007ff9262a1000 	C:\WINDOWS\SYSTEM32\USERENV.dll
0x00007ff927500000 - 0x00007ff9275aa000 	C:\WINDOWS\system32\ADVAPI32.dll
0x00007ff91ed60000 - 0x00007ff91ed7e000 	C:\WINDOWS\SYSTEM32\MPR.dll
0x00007ff927660000 - 0x00007ff9277a0000 	C:\WINDOWS\system32\RPCRT4.dll
0x00007ff928180000 - 0x00007ff9281d9000 	C:\WINDOWS\SYSTEM32\sechost.dll
0x00007ff927da0000 - 0x00007ff927fb1000 	C:\WINDOWS\SYSTEM32\combase.dll
0x00007ff9273b0000 - 0x00007ff9274ff000 	C:\WINDOWS\system32\GDI32.dll
0x00007ff926cf0000 - 0x00007ff926d05000 	C:\WINDOWS\SYSTEM32\profapi.dll
0x00007ff9252b0000 - 0x00007ff925362000 	C:\WINDOWS\SYSTEM32\SHCORE.dll
0x00007ff928140000 - 0x00007ff928176000 	C:\WINDOWS\system32\IMM32.DLL
0x00007ff927250000 - 0x00007ff9273a2000 	C:\WINDOWS\system32\MSCTF.dll
0x00007ff926cb0000 - 0x00007ff926ce0000 	C:\Windows\system32\nvinitx.dll
0x00007ff926ca0000 - 0x00007ff926caa000 	C:\WINDOWS\SYSTEM32\VERSION.dll
0x0000000050e20000 - 0x0000000050e26000 	C:\Program Files\NVIDIA Corporation\CoProcManager\_etoured.dll
0x00007ff924840000 - 0x00007ff924878000 	C:\Program Files\NVIDIA Corporation\CoProcManager\nvd3d9wrapx.dll
0x00007ff928310000 - 0x00007ff9284ea000 	C:\WINDOWS\system32\SETUPAPI.dll
0x00007ff926df0000 - 0x00007ff926e3f000 	C:\WINDOWS\system32\CFGMGR32.dll
0x00007ff9247d0000 - 0x00007ff9247f4000 	C:\Program Files\NVIDIA Corporation\CoProcManager\nvdxgiwrapx.dll
0x00007ff924950000 - 0x00007ff924bcb000 	C:\WINDOWS\WinSxS\amd64_microsoft.windows.common-controls_6595b64144ccf1df_6.0.9600.18006_none_623f33d3ecbe86e8\COMCTL32.dll
0x00000000748c0000 - 0x0000000074992000 	C:\Program Files\Java\jre1.8.0_111\bin\msvcr100.dll
0x00000000749d0000 - 0x000000007526a000 	C:\Program Files\Java\jre1.8.0_111\bin\server\jvm.dll
0x00007ff9094b0000 - 0x00007ff9094b9000 	C:\WINDOWS\SYSTEM32\WSOCK32.dll
0x00007ff91c4f0000 - 0x00007ff91c512000 	C:\WINDOWS\SYSTEM32\WINMM.dll
0x00007ff929bc0000 - 0x00007ff929bc7000 	C:\WINDOWS\system32\PSAPI.DLL
0x00007ff9282a0000 - 0x00007ff9282fa000 	C:\WINDOWS\system32\WS2_32.dll
0x00007ff91c380000 - 0x00007ff91c3aa000 	C:\WINDOWS\SYSTEM32\WINMMBASE.dll
0x00007ff928300000 - 0x00007ff928309000 	C:\WINDOWS\system32\NSI.dll
0x00007ff925ae0000 - 0x00007ff925b08000 	C:\WINDOWS\SYSTEM32\DEVOBJ.dll
0x0000000076af0000 - 0x0000000076aff000 	C:\Program Files\Java\jre1.8.0_111\bin\verify.dll
0x0000000076ac0000 - 0x0000000076ae9000 	C:\Program Files\Java\jre1.8.0_111\bin\java.dll
0x0000000076aa0000 - 0x0000000076ab6000 	C:\Program Files\Java\jre1.8.0_111\bin\zip.dll
0x0000000074720000 - 0x00000000748b8000 	C:\Program Files\Java\jre1.8.0_111\bin\awt.dll
0x00007ff927990000 - 0x00007ff927a56000 	C:\WINDOWS\system32\OLEAUT32.dll
0x00007ff925920000 - 0x00007ff925a49000 	C:\WINDOWS\system32\uxtheme.dll
0x00007ff924bf0000 - 0x00007ff924c11000 	C:\WINDOWS\system32\dwmapi.dll
0x00007ff925ad0000 - 0x00007ff925adb000 	C:\WINDOWS\SYSTEM32\kernel.appcore.dll
0x00007ff926bf0000 - 0x00007ff926bfb000 	C:\WINDOWS\SYSTEM32\CRYPTBASE.dll
0x00007ff926b80000 - 0x00007ff926be3000 	C:\WINDOWS\SYSTEM32\bcryptPrimitives.dll
0x00007ff909aa0000 - 0x00007ff909ccf000 	C:\Program Files\Acer\Acer Power Management\SysHook.dll
0x00007ff922a60000 - 0x00007ff922a67000 	C:\WINDOWS\SYSTEM32\MSIMG32.dll
0x00007ff927c10000 - 0x00007ff927cc6000 	C:\WINDOWS\system32\COMDLG32.dll
0x00007ff91c3b0000 - 0x00007ff91c432000 	C:\WINDOWS\SYSTEM32\WINSPOOL.DRV
0x00007ff91ed80000 - 0x00007ff91ef31000 	C:\WINDOWS\WinSxS\amd64_microsoft.windows.gdiplus_6595b64144ccf1df_1.1.9600.18470_none_9331b0df474a1995\gdiplus.dll
0x00007ff922990000 - 0x00007ff9229fa000 	C:\WINDOWS\SYSTEM32\OLEACC.dll
0x00007ff926550000 - 0x00007ff926570000 	C:\WINDOWS\SYSTEM32\CRYPTSP.dll
0x00007ff926170000 - 0x00007ff9261a6000 	C:\WINDOWS\system32\rsaenh.dll
0x00007ff926870000 - 0x00007ff926896000 	C:\WINDOWS\SYSTEM32\bcrypt.dll
0x0000000076a80000 - 0x0000000076a9a000 	C:\Program Files\Java\jre1.8.0_111\bin\net.dll
0x00007ff9264f0000 - 0x00007ff926549000 	C:\WINDOWS\system32\mswsock.dll
0x00007ff922280000 - 0x00007ff9222aa000 	C:\WINDOWS\SYSTEM32\IPHLPAPI.DLL
0x00007ff922260000 - 0x00007ff92226a000 	C:\WINDOWS\SYSTEM32\WINNSI.DLL
0x00007ff921e70000 - 0x00007ff921e86000 	C:\WINDOWS\SYSTEM32\dhcpcsvc6.DLL
0x00007ff921f20000 - 0x00007ff921f3a000 	C:\WINDOWS\SYSTEM32\dhcpcsvc.DLL
0x0000000076a60000 - 0x0000000076a71000 	C:\Program Files\Java\jre1.8.0_111\bin\nio.dll
0x00000000746d0000 - 0x0000000074717000 	C:\Program Files\Java\jre1.8.0_111\bin\fontmanager.dll
0x00007ff9281e0000 - 0x00007ff928296000 	C:\WINDOWS\SYSTEM32\clbcatq.dll
0x00007ff9240a0000 - 0x00007ff92424e000 	C:\WINDOWS\SYSTEM32\WindowsCodecs.dll
0x0000000074680000 - 0x00000000746c2000 	C:\Program Files\Java\jre1.8.0_111\bin\t2k.dll
0x0000000180000000 - 0x0000000180025000 	C:\Program Files\Java\jre1.8.0_111\bin\rxtxSerial.dll
0x0000000074670000 - 0x000000007467d000 	C:\Program Files\Java\jre1.8.0_111\bin\management.dll
0x00007ff91b990000 - 0x00007ff91b9a5000 	C:\WINDOWS\system32\napinsp.dll
0x00007ff91b970000 - 0x00007ff91b98a000 	C:\WINDOWS\system32\pnrpnsp.dll
0x00007ff9246e0000 - 0x00007ff9246fb000 	C:\WINDOWS\system32\NLAapi.dll
0x00007ff9262f0000 - 0x00007ff926394000 	C:\WINDOWS\SYSTEM32\DNSAPI.dll
0x00007ff91b960000 - 0x00007ff91b96d000 	C:\WINDOWS\System32\winrnr.dll
0x00007ff91b940000 - 0x00007ff91b954000 	C:\WINDOWS\system32\wshbth.dll
0x00007ff91df20000 - 0x00007ff91df2a000 	C:\Windows\System32\rasadhlp.dll
0x00007ff9220d0000 - 0x00007ff92213b000 	C:\WINDOWS\System32\fwpuclnt.dll
0x00007ff919780000 - 0x00007ff919909000 	C:\WINDOWS\SYSTEM32\dbghelp.dll

VM Arguments:
jvm_args: -Dfile.encoding=Cp1252 
java_command: SMS_Messenger.MainWindow
java_class_path (initial): C:\Users\Aspire V5\Documents\workspace\SMS_Mesenger\bin
Launcher Type: SUN_STANDARD

Environment Variables:
JAVA_HOME=C:\Program Files\Java\jdk1.8.0_102
PATH=C:/Program Files/Java/jre1.8.0_111/bin/server;C:/Program Files/Java/jre1.8.0_111/bin;C:/Program Files/Java/jre1.8.0_111/lib/amd64;%jJAVA_HOME%;C:\ProgramData\Oracle\Java\javapath;C:\Program Files (x86)\Intel\iCLS Client\;C:\Program Files\Intel\iCLS Client\;C:\WINDOWS\system32;C:\WINDOWS;C:\WINDOWS\System32\Wbem;C:\WINDOWS\System32\WindowsPowerShell\v1.0\;C:\Program Files (x86)\Intel\OpenCL SDK\2.0\bin\x86;C:\Program Files (x86)\Intel\OpenCL SDK\2.0\bin\x64;C:\Program Files\Intel\Intel(R) Management Engine Components\DAL;C:\Program Files\Intel\Intel(R) Management Engine Components\IPT;C:\Program Files (x86)\Intel\Intel(R) Management Engine Components\DAL;C:\Program Files (x86)\Intel\Intel(R) Management Engine Components\IPT;C:\Program Files (x86)\EgisTec MyWinLocker\x64;C:\Program Files (x86)\EgisTec MyWinLocker\;C:\Program Files (x86)\NVIDIA Corporation\PhysX\Common;C:\Program Files\Java\jdk1.8.0_102\bin;C:\Apache_Ant\apache-ant-1.9.7\bin;C:\Program Files\MiKTeX 2.9\miktex\bin\x64\;C:\Users\Aspire V5\Downloads\eclipse-java-luna-SR1a-win32-x86_64\eclipse;
USERNAME=Aspire V5
OS=Windows_NT
PROCESSOR_IDENTIFIER=Intel64 Family 6 Model 58 Stepping 9, GenuineIntel



---------------  S Y S T E M  ---------------

OS: Windows 8.1 , 64 bit Build 9600 (6.3.9600.17415)

CPU:total 4 (2 cores per cpu, 2 threads per core) family 6 model 58 stepping 9, cmov, cx8, fxsr, mmx, sse, sse2, sse3, ssse3, sse4.1, sse4.2, popcnt, avx, clmul, erms, ht, tsc, tscinvbit, tscinv

Memory: 4k page, physical 3984996k(1631220k free), swap 6868580k(3433180k free)

vm_info: Java HotSpot(TM) 64-Bit Server VM (25.111-b14) for windows-amd64 JRE (1.8.0_111-b14), built on Sep 22 2016 19:24:05 by "java_re" with MS VC++ 10.0 (VS2010)

time: Mon Nov 28 15:28:42 2016
elapsed time: 1 seconds (0d 0h 0m 1s)

